<!DOCTYPE html>
<html lang="en">
<head>
    <meta charset="utf-8">
    <meta http-equiv="X-UA-Compatible" content="IE=edge">
    <meta name="viewport" content="width=device-width, initial-scale=1">

    <title>Kaitai Struct: test results - 2016-09-06 04:56:06 UTC</title>

    <link rel="stylesheet" href="https://maxcdn.bootstrapcdn.com/bootstrap/3.3.6/css/bootstrap.min.css">

    <script src="https://ajax.googleapis.com/ajax/libs/jquery/1.12.4/jquery.min.js"></script>

    <!-- HTML5 shim and Respond.js for IE8 support of HTML5 elements and media queries -->
    <!--[if lt IE 9]>
      <script src="https://oss.maxcdn.com/html5shiv/3.7.2/html5shiv.min.js"></script>
      <script src="https://oss.maxcdn.com/respond/1.4.2/respond.min.js"></script>
    <![endif]-->

    <style>
        .passed {
            background: #dff0d8;
        }
        .failed {
            background: #f2dede;
            cursor: pointer;
        }
        .format-build-failed, .spec-build-failed {
            background: #f2cece;
            cursor: pointer;
        }
        .no-run, .no-spec {
            background: #f2bebe;
        }
        th.section {
            text-align: center;
            font-size: 200%;
        }
        .add-info {
            position: absolute;
            display: none;
            background: #F0F0F0;
            border: 1px solid #A0A0A0;
        }
    </style>
</head>
<body>
    <div class="container">
    <h1>Kaitai Struct: build and test results, 2016-09-06 04:56:06 UTC</h1>

    <table class="table">
    <tr>
        <th>Test</th>

        <th>_expr</th>

        <th>cpp_stl</th>

        <th>csharp</th>

        <th>java</th>

        <th>javascript</th>

        <th>perl</th>

        <th>php</th>

        <th>python</th>

        <th>ruby</th>

    </tr>
    <tr>
        <th colspan="10" class="section">
            Expressions
        </th>
    </tr>

    <tr>
        <th>% passed</th>

        <td>100%</td>

        <td>95%</td>

        <td>100%</td>

        <td>100%</td>

        <td>100%</td>

        <td>85%</td>

        <td>76%</td>

        <td>100%</td>

        <td>100%</td>

    </tr>


    <tr>
        <td>&quot;12345&quot;.to_i</td>

        <td class="passed">passed

        </td>

        <td class="failed">failed

          <div class="add-info">

              <div class="message">"[Long.parseLong(std::string("12345"), 10])" was not equal to "[std::stoi(std::string("12345")])"</div>

              <pre class="trace">
      org.scalatest.exceptions.TestFailedException: &quot;[Long.parseLong(std::string(&quot;12345&quot;), 10])&quot; was not equal to &quot;[std::stoi(std::string(&quot;12345&quot;)])&quot;
      at org.scalatest.MatchersHelper$.newTestFailedException(MatchersHelper.scala:160)
      at org.scalatest.Matchers$ShouldMethodHelper$.shouldMatcher(Matchers.scala:6254)
      at org.scalatest.Matchers$AnyShouldWrapper.should(Matchers.scala:6288)
      at io.kaitai.struct.translators.TranslatorSpec$$anonfun$2$$anonfun$apply$3$$anonfun$apply$2.apply$mcV$sp(TranslatorSpec.scala:287)
      at io.kaitai.struct.translators.TranslatorSpec$$anonfun$2$$anonfun$apply$3$$anonfun$apply$2.apply(TranslatorSpec.scala:281)
      at io.kaitai.struct.translators.TranslatorSpec$$anonfun$2$$anonfun$apply$3$$anonfun$apply$2.apply(TranslatorSpec.scala:281)
      at org.scalatest.Transformer$$anonfun$apply$1.apply$mcV$sp(Transformer.scala:22)
      at org.scalatest.OutcomeOf$class.outcomeOf(OutcomeOf.scala:85)
      at org.scalatest.OutcomeOf$.outcomeOf(OutcomeOf.scala:104)
      at org.scalatest.Transformer.apply(Transformer.scala:22)
      at org.scalatest.Transformer.apply(Transformer.scala:20)
      at org.scalatest.FunSuiteLike$$anon$1.apply(FunSuiteLike.scala:166)
      at org.scalatest.Suite$class.withFixture(Suite.scala:1122)
      at org.scalatest.FunSuite.withFixture(FunSuite.scala:1555)
      at org.scalatest.FunSuiteLike$class.invokeWithFixture$1(FunSuiteLike.scala:163)
      at org.scalatest.FunSuiteLike$$anonfun$runTest$1.apply(FunSuiteLike.scala:175)
      at org.scalatest.FunSuiteLike$$anonfun$runTest$1.apply(FunSuiteLike.scala:175)
      at org.scalatest.SuperEngine.runTestImpl(Engine.scala:306)
      at org.scalatest.FunSuiteLike$class.runTest(FunSuiteLike.scala:175)
      at org.scalatest.FunSuite.runTest(FunSuite.scala:1555)
      at org.scalatest.FunSuiteLike$$anonfun$runTests$1.apply(FunSuiteLike.scala:208)
      at org.scalatest.FunSuiteLike$$anonfun$runTests$1.apply(FunSuiteLike.scala:208)
      at org.scalatest.SuperEngine$$anonfun$traverseSubNodes$1$1.apply(Engine.scala:413)
      at org.scalatest.SuperEngine$$anonfun$traverseSubNodes$1$1.apply(Engine.scala:401)
      at scala.collection.immutable.List.foreach(List.scala:381)
      at org.scalatest.SuperEngine.traverseSubNodes$1(Engine.scala:401)
      at org.scalatest.SuperEngine.org$scalatest$SuperEngine$$runTestsInBranch(Engine.scala:396)
      at org.scalatest.SuperEngine.runTestsImpl(Engine.scala:483)
      at org.scalatest.FunSuiteLike$class.runTests(FunSuiteLike.scala:208)
      at org.scalatest.FunSuite.runTests(FunSuite.scala:1555)
      at org.scalatest.Suite$class.run(Suite.scala:1424)
      at org.scalatest.FunSuite.org$scalatest$FunSuiteLike$$super$run(FunSuite.scala:1555)
      at org.scalatest.FunSuiteLike$$anonfun$run$1.apply(FunSuiteLike.scala:212)
      at org.scalatest.FunSuiteLike$$anonfun$run$1.apply(FunSuiteLike.scala:212)
      at org.scalatest.SuperEngine.runImpl(Engine.scala:545)
      at org.scalatest.FunSuiteLike$class.run(FunSuiteLike.scala:212)
      at org.scalatest.FunSuite.run(FunSuite.scala:1555)
      at org.scalatest.tools.Framework.org$scalatest$tools$Framework$$runSuite(Framework.scala:357)
      at org.scalatest.tools.Framework$ScalaTestTask.execute(Framework.scala:502)
      at sbt.TestRunner.runTest$1(TestFramework.scala:76)
      at sbt.TestRunner.run(TestFramework.scala:85)
      at sbt.TestFramework$$anon$2$$anonfun$$init$$1$$anonfun$apply$8.apply(TestFramework.scala:202)
      at sbt.TestFramework$$anon$2$$anonfun$$init$$1$$anonfun$apply$8.apply(TestFramework.scala:202)
      at sbt.TestFramework$.sbt$TestFramework$$withContextLoader(TestFramework.scala:185)
      at sbt.TestFramework$$anon$2$$anonfun$$init$$1.apply(TestFramework.scala:202)
      at sbt.TestFramework$$anon$2$$anonfun$$init$$1.apply(TestFramework.scala:202)
      at sbt.TestFunction.apply(TestFramework.scala:207)
      at sbt.Tests$$anonfun$9.apply(Tests.scala:216)
      at sbt.Tests$$anonfun$9.apply(Tests.scala:216)
      at sbt.std.Transform$$anon$3$$anonfun$apply$2.apply(System.scala:44)
      at sbt.std.Transform$$anon$3$$anonfun$apply$2.apply(System.scala:44)
      at sbt.std.Transform$$anon$4.work(System.scala:63)
      at sbt.Execute$$anonfun$submit$1$$anonfun$apply$1.apply(Execute.scala:226)
      at sbt.Execute$$anonfun$submit$1$$anonfun$apply$1.apply(Execute.scala:226)
      at sbt.ErrorHandling$.wideConvert(ErrorHandling.scala:17)
      at sbt.Execute.work(Execute.scala:235)
      at sbt.Execute$$anonfun$submit$1.apply(Execute.scala:226)
      at sbt.Execute$$anonfun$submit$1.apply(Execute.scala:226)
      at sbt.ConcurrentRestrictions$$anon$4$$anonfun$1.apply(ConcurrentRestrictions.scala:159)
      at sbt.CompletionService$$anon$2.call(CompletionService.scala:28)
      at java.util.concurrent.FutureTask.run(FutureTask.java:266)
      at java.util.concurrent.Executors$RunnableAdapter.call(Executors.java:511)
      at java.util.concurrent.FutureTask.run(FutureTask.java:266)
      at java.util.concurrent.ThreadPoolExecutor.runWorker(ThreadPoolExecutor.java:1142)
      at java.util.concurrent.ThreadPoolExecutor$Worker.run(ThreadPoolExecutor.java:617)
      at java.lang.Thread.run(Thread.java:745)
</pre>

          </div>

        </td>

        <td class="passed">passed

        </td>

        <td class="passed">passed

        </td>

        <td class="passed">passed

        </td>

        <td class="passed">passed

        </td>

        <td class="passed">passed

        </td>

        <td class="passed">passed

        </td>

        <td class="passed">passed

        </td>

    </tr>

    <tr>
        <td>&quot;str&quot;</td>

        <td class="passed">passed

        </td>

        <td class="passed">passed

        </td>

        <td class="passed">passed

        </td>

        <td class="passed">passed

        </td>

        <td class="passed">passed

        </td>

        <td class="passed">passed

        </td>

        <td class="passed">passed

        </td>

        <td class="passed">passed

        </td>

        <td class="passed">passed

        </td>

    </tr>

    <tr>
        <td>&quot;str&quot;.length</td>

        <td class="passed">passed

        </td>

        <td class="passed">passed

        </td>

        <td class="passed">passed

        </td>

        <td class="passed">passed

        </td>

        <td class="passed">passed

        </td>

        <td class="passed">passed

        </td>

        <td class="passed">passed

        </td>

        <td class="passed">passed

        </td>

        <td class="passed">passed

        </td>

    </tr>

    <tr>
        <td>&quot;str1&quot; + &quot;str2&quot;</td>

        <td class="passed">passed

        </td>

        <td class="passed">passed

        </td>

        <td class="passed">passed

        </td>

        <td class="passed">passed

        </td>

        <td class="passed">passed

        </td>

        <td class="passed">passed

        </td>

        <td class="passed">passed

        </td>

        <td class="passed">passed

        </td>

        <td class="passed">passed

        </td>

    </tr>

    <tr>
        <td>(1 + 2) / (7 * 8)</td>

        <td class="passed">passed

        </td>

        <td class="passed">passed

        </td>

        <td class="passed">passed

        </td>

        <td class="passed">passed

        </td>

        <td class="passed">passed

        </td>

        <td class="passed">passed

        </td>

        <td class="passed">passed

        </td>

        <td class="passed">passed

        </td>

        <td class="passed">passed

        </td>

    </tr>

    <tr>
        <td>(1 + 2) / (7 * 8.1)</td>

        <td class="passed">passed

        </td>

        <td class="passed">passed

        </td>

        <td class="passed">passed

        </td>

        <td class="passed">passed

        </td>

        <td class="passed">passed

        </td>

        <td class="passed">passed

        </td>

        <td class="passed">passed

        </td>

        <td class="passed">passed

        </td>

        <td class="passed">passed

        </td>

    </tr>

    <tr>
        <td>-123.456</td>

        <td class="passed">passed

        </td>

        <td class="passed">passed

        </td>

        <td class="passed">passed

        </td>

        <td class="passed">passed

        </td>

        <td class="passed">passed

        </td>

        <td class="passed">passed

        </td>

        <td class="passed">passed

        </td>

        <td class="passed">passed

        </td>

        <td class="passed">passed

        </td>

    </tr>

    <tr>
        <td>-456</td>

        <td class="passed">passed

        </td>

        <td class="passed">passed

        </td>

        <td class="passed">passed

        </td>

        <td class="passed">passed

        </td>

        <td class="passed">passed

        </td>

        <td class="passed">passed

        </td>

        <td class="passed">passed

        </td>

        <td class="passed">passed

        </td>

        <td class="passed">passed

        </td>

    </tr>

    <tr>
        <td>0x1234</td>

        <td class="passed">passed

        </td>

        <td class="passed">passed

        </td>

        <td class="passed">passed

        </td>

        <td class="passed">passed

        </td>

        <td class="passed">passed

        </td>

        <td class="passed">passed

        </td>

        <td class="passed">passed

        </td>

        <td class="passed">passed

        </td>

        <td class="passed">passed

        </td>

    </tr>

    <tr>
        <td>1 + 2</td>

        <td class="passed">passed

        </td>

        <td class="passed">passed

        </td>

        <td class="passed">passed

        </td>

        <td class="passed">passed

        </td>

        <td class="passed">passed

        </td>

        <td class="passed">passed

        </td>

        <td class="passed">passed

        </td>

        <td class="passed">passed

        </td>

        <td class="passed">passed

        </td>

    </tr>

    <tr>
        <td>1 + 2 + 5</td>

        <td class="passed">passed

        </td>

        <td class="passed">passed

        </td>

        <td class="passed">passed

        </td>

        <td class="passed">passed

        </td>

        <td class="passed">passed

        </td>

        <td class="passed">passed

        </td>

        <td class="passed">passed

        </td>

        <td class="passed">passed

        </td>

        <td class="passed">passed

        </td>

    </tr>

    <tr>
        <td>1 + 3.4</td>

        <td class="passed">passed

        </td>

        <td class="passed">passed

        </td>

        <td class="passed">passed

        </td>

        <td class="passed">passed

        </td>

        <td class="passed">passed

        </td>

        <td class="passed">passed

        </td>

        <td class="passed">passed

        </td>

        <td class="passed">passed

        </td>

        <td class="passed">passed

        </td>

    </tr>

    <tr>
        <td>1 &lt; 2</td>

        <td class="passed">passed

        </td>

        <td class="passed">passed

        </td>

        <td class="passed">passed

        </td>

        <td class="passed">passed

        </td>

        <td class="passed">passed

        </td>

        <td class="passed">passed

        </td>

        <td class="passed">passed

        </td>

        <td class="passed">passed

        </td>

        <td class="passed">passed

        </td>

    </tr>

    <tr>
        <td>1.0</td>

        <td class="passed">passed

        </td>

        <td class="passed">passed

        </td>

        <td class="passed">passed

        </td>

        <td class="passed">passed

        </td>

        <td class="passed">passed

        </td>

        <td class="passed">passed

        </td>

        <td class="passed">passed

        </td>

        <td class="passed">passed

        </td>

        <td class="passed">passed

        </td>

    </tr>

    <tr>
        <td>1.0 &lt; 2</td>

        <td class="passed">passed

        </td>

        <td class="passed">passed

        </td>

        <td class="passed">passed

        </td>

        <td class="passed">passed

        </td>

        <td class="passed">passed

        </td>

        <td class="passed">passed

        </td>

        <td class="passed">passed

        </td>

        <td class="passed">passed

        </td>

        <td class="passed">passed

        </td>

    </tr>

    <tr>
        <td>1.2 + 3</td>

        <td class="passed">passed

        </td>

        <td class="passed">passed

        </td>

        <td class="passed">passed

        </td>

        <td class="passed">passed

        </td>

        <td class="passed">passed

        </td>

        <td class="passed">passed

        </td>

        <td class="passed">passed

        </td>

        <td class="passed">passed

        </td>

        <td class="passed">passed

        </td>

    </tr>

    <tr>
        <td>1.2 + 3.4</td>

        <td class="passed">passed

        </td>

        <td class="passed">passed

        </td>

        <td class="passed">passed

        </td>

        <td class="passed">passed

        </td>

        <td class="passed">passed

        </td>

        <td class="passed">passed

        </td>

        <td class="passed">passed

        </td>

        <td class="passed">passed

        </td>

        <td class="passed">passed

        </td>

    </tr>

    <tr>
        <td>123</td>

        <td class="passed">passed

        </td>

        <td class="passed">passed

        </td>

        <td class="passed">passed

        </td>

        <td class="passed">passed

        </td>

        <td class="passed">passed

        </td>

        <td class="passed">passed

        </td>

        <td class="passed">passed

        </td>

        <td class="passed">passed

        </td>

        <td class="passed">passed

        </td>

    </tr>

    <tr>
        <td>123.456</td>

        <td class="passed">passed

        </td>

        <td class="passed">passed

        </td>

        <td class="passed">passed

        </td>

        <td class="passed">passed

        </td>

        <td class="passed">passed

        </td>

        <td class="passed">passed

        </td>

        <td class="passed">passed

        </td>

        <td class="passed">passed

        </td>

        <td class="passed">passed

        </td>

    </tr>

    <tr>
        <td>1234</td>

        <td class="passed">passed

        </td>

        <td class="passed">passed

        </td>

        <td class="passed">passed

        </td>

        <td class="passed">passed

        </td>

        <td class="passed">passed

        </td>

        <td class="passed">passed

        </td>

        <td class="passed">passed

        </td>

        <td class="passed">passed

        </td>

        <td class="passed">passed

        </td>

    </tr>

    <tr>
        <td>2 &lt; 3 ? &quot;foo&quot; : &quot;bar&quot;</td>

        <td class="passed">passed

        </td>

        <td class="passed">passed

        </td>

        <td class="passed">passed

        </td>

        <td class="passed">passed

        </td>

        <td class="passed">passed

        </td>

        <td class="passed">passed

        </td>

        <td class="passed">passed

        </td>

        <td class="passed">passed

        </td>

        <td class="passed">passed

        </td>

    </tr>

    <tr>
        <td>223</td>

        <td class="passed">passed

        </td>

        <td class="passed">passed

        </td>

        <td class="passed">passed

        </td>

        <td class="passed">passed

        </td>

        <td class="passed">passed

        </td>

        <td class="passed">passed

        </td>

        <td class="passed">passed

        </td>

        <td class="passed">passed

        </td>

        <td class="passed">passed

        </td>

    </tr>

    <tr>
        <td>3 / 2</td>

        <td class="passed">passed

        </td>

        <td class="passed">passed

        </td>

        <td class="passed">passed

        </td>

        <td class="passed">passed

        </td>

        <td class="passed">passed

        </td>

        <td class="passed">passed

        </td>

        <td class="passed">passed

        </td>

        <td class="passed">passed

        </td>

        <td class="passed">passed

        </td>

    </tr>

    <tr>
        <td>3 / 2.0</td>

        <td class="passed">passed

        </td>

        <td class="passed">passed

        </td>

        <td class="passed">passed

        </td>

        <td class="passed">passed

        </td>

        <td class="passed">passed

        </td>

        <td class="passed">passed

        </td>

        <td class="passed">passed

        </td>

        <td class="passed">passed

        </td>

        <td class="passed">passed

        </td>

    </tr>

    <tr>
        <td>999</td>

        <td class="passed">passed

        </td>

        <td class="passed">passed

        </td>

        <td class="passed">passed

        </td>

        <td class="passed">passed

        </td>

        <td class="passed">passed

        </td>

        <td class="passed">passed

        </td>

        <td class="passed">passed

        </td>

        <td class="passed">passed

        </td>

        <td class="passed">passed

        </td>

    </tr>

    <tr>
        <td>[0, 1, 100500]</td>

        <td class="passed">passed

        </td>

        <td class="no-spec">no spec

          <div class="add-info">

              <div class="message">no expected result</div>

              <pre class="trace">
      org.scalatest.exceptions.TestFailedException: no expected result
      at org.scalatest.Assertions$class.newAssertionFailedException(Assertions.scala:495)
      at org.scalatest.FunSuite.newAssertionFailedException(FunSuite.scala:1555)
      at org.scalatest.Assertions$class.fail(Assertions.scala:1328)
      at org.scalatest.FunSuite.fail(FunSuite.scala:1555)
      at io.kaitai.struct.translators.TranslatorSpec$$anonfun$2$$anonfun$apply$3$$anonfun$apply$2.apply$mcV$sp(TranslatorSpec.scala:289)
      at io.kaitai.struct.translators.TranslatorSpec$$anonfun$2$$anonfun$apply$3$$anonfun$apply$2.apply(TranslatorSpec.scala:281)
      at io.kaitai.struct.translators.TranslatorSpec$$anonfun$2$$anonfun$apply$3$$anonfun$apply$2.apply(TranslatorSpec.scala:281)
      at org.scalatest.Transformer$$anonfun$apply$1.apply$mcV$sp(Transformer.scala:22)
      at org.scalatest.OutcomeOf$class.outcomeOf(OutcomeOf.scala:85)
      at org.scalatest.OutcomeOf$.outcomeOf(OutcomeOf.scala:104)
      at org.scalatest.Transformer.apply(Transformer.scala:22)
      at org.scalatest.Transformer.apply(Transformer.scala:20)
      at org.scalatest.FunSuiteLike$$anon$1.apply(FunSuiteLike.scala:166)
      at org.scalatest.Suite$class.withFixture(Suite.scala:1122)
      at org.scalatest.FunSuite.withFixture(FunSuite.scala:1555)
      at org.scalatest.FunSuiteLike$class.invokeWithFixture$1(FunSuiteLike.scala:163)
      at org.scalatest.FunSuiteLike$$anonfun$runTest$1.apply(FunSuiteLike.scala:175)
      at org.scalatest.FunSuiteLike$$anonfun$runTest$1.apply(FunSuiteLike.scala:175)
      at org.scalatest.SuperEngine.runTestImpl(Engine.scala:306)
      at org.scalatest.FunSuiteLike$class.runTest(FunSuiteLike.scala:175)
      at org.scalatest.FunSuite.runTest(FunSuite.scala:1555)
      at org.scalatest.FunSuiteLike$$anonfun$runTests$1.apply(FunSuiteLike.scala:208)
      at org.scalatest.FunSuiteLike$$anonfun$runTests$1.apply(FunSuiteLike.scala:208)
      at org.scalatest.SuperEngine$$anonfun$traverseSubNodes$1$1.apply(Engine.scala:413)
      at org.scalatest.SuperEngine$$anonfun$traverseSubNodes$1$1.apply(Engine.scala:401)
      at scala.collection.immutable.List.foreach(List.scala:381)
      at org.scalatest.SuperEngine.traverseSubNodes$1(Engine.scala:401)
      at org.scalatest.SuperEngine.org$scalatest$SuperEngine$$runTestsInBranch(Engine.scala:396)
      at org.scalatest.SuperEngine.runTestsImpl(Engine.scala:483)
      at org.scalatest.FunSuiteLike$class.runTests(FunSuiteLike.scala:208)
      at org.scalatest.FunSuite.runTests(FunSuite.scala:1555)
      at org.scalatest.Suite$class.run(Suite.scala:1424)
      at org.scalatest.FunSuite.org$scalatest$FunSuiteLike$$super$run(FunSuite.scala:1555)
      at org.scalatest.FunSuiteLike$$anonfun$run$1.apply(FunSuiteLike.scala:212)
      at org.scalatest.FunSuiteLike$$anonfun$run$1.apply(FunSuiteLike.scala:212)
      at org.scalatest.SuperEngine.runImpl(Engine.scala:545)
      at org.scalatest.FunSuiteLike$class.run(FunSuiteLike.scala:212)
      at org.scalatest.FunSuite.run(FunSuite.scala:1555)
      at org.scalatest.tools.Framework.org$scalatest$tools$Framework$$runSuite(Framework.scala:357)
      at org.scalatest.tools.Framework$ScalaTestTask.execute(Framework.scala:502)
      at sbt.TestRunner.runTest$1(TestFramework.scala:76)
      at sbt.TestRunner.run(TestFramework.scala:85)
      at sbt.TestFramework$$anon$2$$anonfun$$init$$1$$anonfun$apply$8.apply(TestFramework.scala:202)
      at sbt.TestFramework$$anon$2$$anonfun$$init$$1$$anonfun$apply$8.apply(TestFramework.scala:202)
      at sbt.TestFramework$.sbt$TestFramework$$withContextLoader(TestFramework.scala:185)
      at sbt.TestFramework$$anon$2$$anonfun$$init$$1.apply(TestFramework.scala:202)
      at sbt.TestFramework$$anon$2$$anonfun$$init$$1.apply(TestFramework.scala:202)
      at sbt.TestFunction.apply(TestFramework.scala:207)
      at sbt.Tests$$anonfun$9.apply(Tests.scala:216)
      at sbt.Tests$$anonfun$9.apply(Tests.scala:216)
      at sbt.std.Transform$$anon$3$$anonfun$apply$2.apply(System.scala:44)
      at sbt.std.Transform$$anon$3$$anonfun$apply$2.apply(System.scala:44)
      at sbt.std.Transform$$anon$4.work(System.scala:63)
      at sbt.Execute$$anonfun$submit$1$$anonfun$apply$1.apply(Execute.scala:226)
      at sbt.Execute$$anonfun$submit$1$$anonfun$apply$1.apply(Execute.scala:226)
      at sbt.ErrorHandling$.wideConvert(ErrorHandling.scala:17)
      at sbt.Execute.work(Execute.scala:235)
      at sbt.Execute$$anonfun$submit$1.apply(Execute.scala:226)
      at sbt.Execute$$anonfun$submit$1.apply(Execute.scala:226)
      at sbt.ConcurrentRestrictions$$anon$4$$anonfun$1.apply(ConcurrentRestrictions.scala:159)
      at sbt.CompletionService$$anon$2.call(CompletionService.scala:28)
      at java.util.concurrent.FutureTask.run(FutureTask.java:266)
      at java.util.concurrent.Executors$RunnableAdapter.call(Executors.java:511)
      at java.util.concurrent.FutureTask.run(FutureTask.java:266)
      at java.util.concurrent.ThreadPoolExecutor.runWorker(ThreadPoolExecutor.java:1142)
      at java.util.concurrent.ThreadPoolExecutor$Worker.run(ThreadPoolExecutor.java:617)
      at java.lang.Thread.run(Thread.java:745)
</pre>

          </div>

        </td>

        <td class="passed">passed

        </td>

        <td class="passed">passed

        </td>

        <td class="passed">passed

        </td>

        <td class="passed">passed

        </td>

        <td class="passed">passed

        </td>

        <td class="passed">passed

        </td>

        <td class="passed">passed

        </td>

    </tr>

    <tr>
        <td>[255, 0, 255]</td>

        <td class="passed">passed

        </td>

        <td class="passed">passed

        </td>

        <td class="passed">passed

        </td>

        <td class="passed">passed

        </td>

        <td class="passed">passed

        </td>

        <td class="no-spec">no spec

          <div class="add-info">

              <div class="message">no expected result</div>

              <pre class="trace">
      org.scalatest.exceptions.TestFailedException: no expected result
      at org.scalatest.Assertions$class.newAssertionFailedException(Assertions.scala:495)
      at org.scalatest.FunSuite.newAssertionFailedException(FunSuite.scala:1555)
      at org.scalatest.Assertions$class.fail(Assertions.scala:1328)
      at org.scalatest.FunSuite.fail(FunSuite.scala:1555)
      at io.kaitai.struct.translators.TranslatorSpec$$anonfun$2$$anonfun$apply$3$$anonfun$apply$2.apply$mcV$sp(TranslatorSpec.scala:289)
      at io.kaitai.struct.translators.TranslatorSpec$$anonfun$2$$anonfun$apply$3$$anonfun$apply$2.apply(TranslatorSpec.scala:281)
      at io.kaitai.struct.translators.TranslatorSpec$$anonfun$2$$anonfun$apply$3$$anonfun$apply$2.apply(TranslatorSpec.scala:281)
      at org.scalatest.Transformer$$anonfun$apply$1.apply$mcV$sp(Transformer.scala:22)
      at org.scalatest.OutcomeOf$class.outcomeOf(OutcomeOf.scala:85)
      at org.scalatest.OutcomeOf$.outcomeOf(OutcomeOf.scala:104)
      at org.scalatest.Transformer.apply(Transformer.scala:22)
      at org.scalatest.Transformer.apply(Transformer.scala:20)
      at org.scalatest.FunSuiteLike$$anon$1.apply(FunSuiteLike.scala:166)
      at org.scalatest.Suite$class.withFixture(Suite.scala:1122)
      at org.scalatest.FunSuite.withFixture(FunSuite.scala:1555)
      at org.scalatest.FunSuiteLike$class.invokeWithFixture$1(FunSuiteLike.scala:163)
      at org.scalatest.FunSuiteLike$$anonfun$runTest$1.apply(FunSuiteLike.scala:175)
      at org.scalatest.FunSuiteLike$$anonfun$runTest$1.apply(FunSuiteLike.scala:175)
      at org.scalatest.SuperEngine.runTestImpl(Engine.scala:306)
      at org.scalatest.FunSuiteLike$class.runTest(FunSuiteLike.scala:175)
      at org.scalatest.FunSuite.runTest(FunSuite.scala:1555)
      at org.scalatest.FunSuiteLike$$anonfun$runTests$1.apply(FunSuiteLike.scala:208)
      at org.scalatest.FunSuiteLike$$anonfun$runTests$1.apply(FunSuiteLike.scala:208)
      at org.scalatest.SuperEngine$$anonfun$traverseSubNodes$1$1.apply(Engine.scala:413)
      at org.scalatest.SuperEngine$$anonfun$traverseSubNodes$1$1.apply(Engine.scala:401)
      at scala.collection.immutable.List.foreach(List.scala:381)
      at org.scalatest.SuperEngine.traverseSubNodes$1(Engine.scala:401)
      at org.scalatest.SuperEngine.org$scalatest$SuperEngine$$runTestsInBranch(Engine.scala:396)
      at org.scalatest.SuperEngine.runTestsImpl(Engine.scala:483)
      at org.scalatest.FunSuiteLike$class.runTests(FunSuiteLike.scala:208)
      at org.scalatest.FunSuite.runTests(FunSuite.scala:1555)
      at org.scalatest.Suite$class.run(Suite.scala:1424)
      at org.scalatest.FunSuite.org$scalatest$FunSuiteLike$$super$run(FunSuite.scala:1555)
      at org.scalatest.FunSuiteLike$$anonfun$run$1.apply(FunSuiteLike.scala:212)
      at org.scalatest.FunSuiteLike$$anonfun$run$1.apply(FunSuiteLike.scala:212)
      at org.scalatest.SuperEngine.runImpl(Engine.scala:545)
      at org.scalatest.FunSuiteLike$class.run(FunSuiteLike.scala:212)
      at org.scalatest.FunSuite.run(FunSuite.scala:1555)
      at org.scalatest.tools.Framework.org$scalatest$tools$Framework$$runSuite(Framework.scala:357)
      at org.scalatest.tools.Framework$ScalaTestTask.execute(Framework.scala:502)
      at sbt.TestRunner.runTest$1(TestFramework.scala:76)
      at sbt.TestRunner.run(TestFramework.scala:85)
      at sbt.TestFramework$$anon$2$$anonfun$$init$$1$$anonfun$apply$8.apply(TestFramework.scala:202)
      at sbt.TestFramework$$anon$2$$anonfun$$init$$1$$anonfun$apply$8.apply(TestFramework.scala:202)
      at sbt.TestFramework$.sbt$TestFramework$$withContextLoader(TestFramework.scala:185)
      at sbt.TestFramework$$anon$2$$anonfun$$init$$1.apply(TestFramework.scala:202)
      at sbt.TestFramework$$anon$2$$anonfun$$init$$1.apply(TestFramework.scala:202)
      at sbt.TestFunction.apply(TestFramework.scala:207)
      at sbt.Tests$$anonfun$9.apply(Tests.scala:216)
      at sbt.Tests$$anonfun$9.apply(Tests.scala:216)
      at sbt.std.Transform$$anon$3$$anonfun$apply$2.apply(System.scala:44)
      at sbt.std.Transform$$anon$3$$anonfun$apply$2.apply(System.scala:44)
      at sbt.std.Transform$$anon$4.work(System.scala:63)
      at sbt.Execute$$anonfun$submit$1$$anonfun$apply$1.apply(Execute.scala:226)
      at sbt.Execute$$anonfun$submit$1$$anonfun$apply$1.apply(Execute.scala:226)
      at sbt.ErrorHandling$.wideConvert(ErrorHandling.scala:17)
      at sbt.Execute.work(Execute.scala:235)
      at sbt.Execute$$anonfun$submit$1.apply(Execute.scala:226)
      at sbt.Execute$$anonfun$submit$1.apply(Execute.scala:226)
      at sbt.ConcurrentRestrictions$$anon$4$$anonfun$1.apply(ConcurrentRestrictions.scala:159)
      at sbt.CompletionService$$anon$2.call(CompletionService.scala:28)
      at java.util.concurrent.FutureTask.run(FutureTask.java:266)
      at java.util.concurrent.Executors$RunnableAdapter.call(Executors.java:511)
      at java.util.concurrent.FutureTask.run(FutureTask.java:266)
      at java.util.concurrent.ThreadPoolExecutor.runWorker(ThreadPoolExecutor.java:1142)
      at java.util.concurrent.ThreadPoolExecutor$Worker.run(ThreadPoolExecutor.java:617)
      at java.lang.Thread.run(Thread.java:745)
</pre>

          </div>

        </td>

        <td class="passed">passed

        </td>

        <td class="passed">passed

        </td>

        <td class="passed">passed

        </td>

    </tr>

    <tr>
        <td>[34, 0, 10, 64, 65, 66, 92]</td>

        <td class="passed">passed

        </td>

        <td class="passed">passed

        </td>

        <td class="passed">passed

        </td>

        <td class="passed">passed

        </td>

        <td class="passed">passed

        </td>

        <td class="no-spec">no spec

          <div class="add-info">

              <div class="message">no expected result</div>

              <pre class="trace">
      org.scalatest.exceptions.TestFailedException: no expected result
      at org.scalatest.Assertions$class.newAssertionFailedException(Assertions.scala:495)
      at org.scalatest.FunSuite.newAssertionFailedException(FunSuite.scala:1555)
      at org.scalatest.Assertions$class.fail(Assertions.scala:1328)
      at org.scalatest.FunSuite.fail(FunSuite.scala:1555)
      at io.kaitai.struct.translators.TranslatorSpec$$anonfun$2$$anonfun$apply$3$$anonfun$apply$2.apply$mcV$sp(TranslatorSpec.scala:289)
      at io.kaitai.struct.translators.TranslatorSpec$$anonfun$2$$anonfun$apply$3$$anonfun$apply$2.apply(TranslatorSpec.scala:281)
      at io.kaitai.struct.translators.TranslatorSpec$$anonfun$2$$anonfun$apply$3$$anonfun$apply$2.apply(TranslatorSpec.scala:281)
      at org.scalatest.Transformer$$anonfun$apply$1.apply$mcV$sp(Transformer.scala:22)
      at org.scalatest.OutcomeOf$class.outcomeOf(OutcomeOf.scala:85)
      at org.scalatest.OutcomeOf$.outcomeOf(OutcomeOf.scala:104)
      at org.scalatest.Transformer.apply(Transformer.scala:22)
      at org.scalatest.Transformer.apply(Transformer.scala:20)
      at org.scalatest.FunSuiteLike$$anon$1.apply(FunSuiteLike.scala:166)
      at org.scalatest.Suite$class.withFixture(Suite.scala:1122)
      at org.scalatest.FunSuite.withFixture(FunSuite.scala:1555)
      at org.scalatest.FunSuiteLike$class.invokeWithFixture$1(FunSuiteLike.scala:163)
      at org.scalatest.FunSuiteLike$$anonfun$runTest$1.apply(FunSuiteLike.scala:175)
      at org.scalatest.FunSuiteLike$$anonfun$runTest$1.apply(FunSuiteLike.scala:175)
      at org.scalatest.SuperEngine.runTestImpl(Engine.scala:306)
      at org.scalatest.FunSuiteLike$class.runTest(FunSuiteLike.scala:175)
      at org.scalatest.FunSuite.runTest(FunSuite.scala:1555)
      at org.scalatest.FunSuiteLike$$anonfun$runTests$1.apply(FunSuiteLike.scala:208)
      at org.scalatest.FunSuiteLike$$anonfun$runTests$1.apply(FunSuiteLike.scala:208)
      at org.scalatest.SuperEngine$$anonfun$traverseSubNodes$1$1.apply(Engine.scala:413)
      at org.scalatest.SuperEngine$$anonfun$traverseSubNodes$1$1.apply(Engine.scala:401)
      at scala.collection.immutable.List.foreach(List.scala:381)
      at org.scalatest.SuperEngine.traverseSubNodes$1(Engine.scala:401)
      at org.scalatest.SuperEngine.org$scalatest$SuperEngine$$runTestsInBranch(Engine.scala:396)
      at org.scalatest.SuperEngine.runTestsImpl(Engine.scala:483)
      at org.scalatest.FunSuiteLike$class.runTests(FunSuiteLike.scala:208)
      at org.scalatest.FunSuite.runTests(FunSuite.scala:1555)
      at org.scalatest.Suite$class.run(Suite.scala:1424)
      at org.scalatest.FunSuite.org$scalatest$FunSuiteLike$$super$run(FunSuite.scala:1555)
      at org.scalatest.FunSuiteLike$$anonfun$run$1.apply(FunSuiteLike.scala:212)
      at org.scalatest.FunSuiteLike$$anonfun$run$1.apply(FunSuiteLike.scala:212)
      at org.scalatest.SuperEngine.runImpl(Engine.scala:545)
      at org.scalatest.FunSuiteLike$class.run(FunSuiteLike.scala:212)
      at org.scalatest.FunSuite.run(FunSuite.scala:1555)
      at org.scalatest.tools.Framework.org$scalatest$tools$Framework$$runSuite(Framework.scala:357)
      at org.scalatest.tools.Framework$ScalaTestTask.execute(Framework.scala:502)
      at sbt.TestRunner.runTest$1(TestFramework.scala:76)
      at sbt.TestRunner.run(TestFramework.scala:85)
      at sbt.TestFramework$$anon$2$$anonfun$$init$$1$$anonfun$apply$8.apply(TestFramework.scala:202)
      at sbt.TestFramework$$anon$2$$anonfun$$init$$1$$anonfun$apply$8.apply(TestFramework.scala:202)
      at sbt.TestFramework$.sbt$TestFramework$$withContextLoader(TestFramework.scala:185)
      at sbt.TestFramework$$anon$2$$anonfun$$init$$1.apply(TestFramework.scala:202)
      at sbt.TestFramework$$anon$2$$anonfun$$init$$1.apply(TestFramework.scala:202)
      at sbt.TestFunction.apply(TestFramework.scala:207)
      at sbt.Tests$$anonfun$9.apply(Tests.scala:216)
      at sbt.Tests$$anonfun$9.apply(Tests.scala:216)
      at sbt.std.Transform$$anon$3$$anonfun$apply$2.apply(System.scala:44)
      at sbt.std.Transform$$anon$3$$anonfun$apply$2.apply(System.scala:44)
      at sbt.std.Transform$$anon$4.work(System.scala:63)
      at sbt.Execute$$anonfun$submit$1$$anonfun$apply$1.apply(Execute.scala:226)
      at sbt.Execute$$anonfun$submit$1$$anonfun$apply$1.apply(Execute.scala:226)
      at sbt.ErrorHandling$.wideConvert(ErrorHandling.scala:17)
      at sbt.Execute.work(Execute.scala:235)
      at sbt.Execute$$anonfun$submit$1.apply(Execute.scala:226)
      at sbt.Execute$$anonfun$submit$1.apply(Execute.scala:226)
      at sbt.ConcurrentRestrictions$$anon$4$$anonfun$1.apply(ConcurrentRestrictions.scala:159)
      at sbt.CompletionService$$anon$2.call(CompletionService.scala:28)
      at java.util.concurrent.FutureTask.run(FutureTask.java:266)
      at java.util.concurrent.Executors$RunnableAdapter.call(Executors.java:511)
      at java.util.concurrent.FutureTask.run(FutureTask.java:266)
      at java.util.concurrent.ThreadPoolExecutor.runWorker(ThreadPoolExecutor.java:1142)
      at java.util.concurrent.ThreadPoolExecutor$Worker.run(ThreadPoolExecutor.java:617)
      at java.lang.Thread.run(Thread.java:745)
</pre>

          </div>

        </td>

        <td class="passed">passed

        </td>

        <td class="passed">passed

        </td>

        <td class="passed">passed

        </td>

    </tr>

    <tr>
        <td>_root.foo</td>

        <td class="passed">passed

        </td>

        <td class="passed">passed

        </td>

        <td class="passed">passed

        </td>

        <td class="passed">passed

        </td>

        <td class="passed">passed

        </td>

        <td class="passed">passed

        </td>

        <td class="failed">failed

          <div class="add-info">

              <div class="message">"$this->_root[()->foo()]" was not equal to "$this->_root[->foo]"</div>

              <pre class="trace">
      org.scalatest.exceptions.TestFailedException: &quot;$this-&gt;_root[()-&gt;foo()]&quot; was not equal to &quot;$this-&gt;_root[-&gt;foo]&quot;
      at org.scalatest.MatchersHelper$.newTestFailedException(MatchersHelper.scala:160)
      at org.scalatest.Matchers$ShouldMethodHelper$.shouldMatcher(Matchers.scala:6254)
      at org.scalatest.Matchers$AnyShouldWrapper.should(Matchers.scala:6288)
      at io.kaitai.struct.translators.TranslatorSpec$$anonfun$2$$anonfun$apply$3$$anonfun$apply$2.apply$mcV$sp(TranslatorSpec.scala:287)
      at io.kaitai.struct.translators.TranslatorSpec$$anonfun$2$$anonfun$apply$3$$anonfun$apply$2.apply(TranslatorSpec.scala:281)
      at io.kaitai.struct.translators.TranslatorSpec$$anonfun$2$$anonfun$apply$3$$anonfun$apply$2.apply(TranslatorSpec.scala:281)
      at org.scalatest.Transformer$$anonfun$apply$1.apply$mcV$sp(Transformer.scala:22)
      at org.scalatest.OutcomeOf$class.outcomeOf(OutcomeOf.scala:85)
      at org.scalatest.OutcomeOf$.outcomeOf(OutcomeOf.scala:104)
      at org.scalatest.Transformer.apply(Transformer.scala:22)
      at org.scalatest.Transformer.apply(Transformer.scala:20)
      at org.scalatest.FunSuiteLike$$anon$1.apply(FunSuiteLike.scala:166)
      at org.scalatest.Suite$class.withFixture(Suite.scala:1122)
      at org.scalatest.FunSuite.withFixture(FunSuite.scala:1555)
      at org.scalatest.FunSuiteLike$class.invokeWithFixture$1(FunSuiteLike.scala:163)
      at org.scalatest.FunSuiteLike$$anonfun$runTest$1.apply(FunSuiteLike.scala:175)
      at org.scalatest.FunSuiteLike$$anonfun$runTest$1.apply(FunSuiteLike.scala:175)
      at org.scalatest.SuperEngine.runTestImpl(Engine.scala:306)
      at org.scalatest.FunSuiteLike$class.runTest(FunSuiteLike.scala:175)
      at org.scalatest.FunSuite.runTest(FunSuite.scala:1555)
      at org.scalatest.FunSuiteLike$$anonfun$runTests$1.apply(FunSuiteLike.scala:208)
      at org.scalatest.FunSuiteLike$$anonfun$runTests$1.apply(FunSuiteLike.scala:208)
      at org.scalatest.SuperEngine$$anonfun$traverseSubNodes$1$1.apply(Engine.scala:413)
      at org.scalatest.SuperEngine$$anonfun$traverseSubNodes$1$1.apply(Engine.scala:401)
      at scala.collection.immutable.List.foreach(List.scala:381)
      at org.scalatest.SuperEngine.traverseSubNodes$1(Engine.scala:401)
      at org.scalatest.SuperEngine.org$scalatest$SuperEngine$$runTestsInBranch(Engine.scala:396)
      at org.scalatest.SuperEngine.runTestsImpl(Engine.scala:483)
      at org.scalatest.FunSuiteLike$class.runTests(FunSuiteLike.scala:208)
      at org.scalatest.FunSuite.runTests(FunSuite.scala:1555)
      at org.scalatest.Suite$class.run(Suite.scala:1424)
      at org.scalatest.FunSuite.org$scalatest$FunSuiteLike$$super$run(FunSuite.scala:1555)
      at org.scalatest.FunSuiteLike$$anonfun$run$1.apply(FunSuiteLike.scala:212)
      at org.scalatest.FunSuiteLike$$anonfun$run$1.apply(FunSuiteLike.scala:212)
      at org.scalatest.SuperEngine.runImpl(Engine.scala:545)
      at org.scalatest.FunSuiteLike$class.run(FunSuiteLike.scala:212)
      at org.scalatest.FunSuite.run(FunSuite.scala:1555)
      at org.scalatest.tools.Framework.org$scalatest$tools$Framework$$runSuite(Framework.scala:357)
      at org.scalatest.tools.Framework$ScalaTestTask.execute(Framework.scala:502)
      at sbt.TestRunner.runTest$1(TestFramework.scala:76)
      at sbt.TestRunner.run(TestFramework.scala:85)
      at sbt.TestFramework$$anon$2$$anonfun$$init$$1$$anonfun$apply$8.apply(TestFramework.scala:202)
      at sbt.TestFramework$$anon$2$$anonfun$$init$$1$$anonfun$apply$8.apply(TestFramework.scala:202)
      at sbt.TestFramework$.sbt$TestFramework$$withContextLoader(TestFramework.scala:185)
      at sbt.TestFramework$$anon$2$$anonfun$$init$$1.apply(TestFramework.scala:202)
      at sbt.TestFramework$$anon$2$$anonfun$$init$$1.apply(TestFramework.scala:202)
      at sbt.TestFunction.apply(TestFramework.scala:207)
      at sbt.Tests$$anonfun$9.apply(Tests.scala:216)
      at sbt.Tests$$anonfun$9.apply(Tests.scala:216)
      at sbt.std.Transform$$anon$3$$anonfun$apply$2.apply(System.scala:44)
      at sbt.std.Transform$$anon$3$$anonfun$apply$2.apply(System.scala:44)
      at sbt.std.Transform$$anon$4.work(System.scala:63)
      at sbt.Execute$$anonfun$submit$1$$anonfun$apply$1.apply(Execute.scala:226)
      at sbt.Execute$$anonfun$submit$1$$anonfun$apply$1.apply(Execute.scala:226)
      at sbt.ErrorHandling$.wideConvert(ErrorHandling.scala:17)
      at sbt.Execute.work(Execute.scala:235)
      at sbt.Execute$$anonfun$submit$1.apply(Execute.scala:226)
      at sbt.Execute$$anonfun$submit$1.apply(Execute.scala:226)
      at sbt.ConcurrentRestrictions$$anon$4$$anonfun$1.apply(ConcurrentRestrictions.scala:159)
      at sbt.CompletionService$$anon$2.call(CompletionService.scala:28)
      at java.util.concurrent.FutureTask.run(FutureTask.java:266)
      at java.util.concurrent.Executors$RunnableAdapter.call(Executors.java:511)
      at java.util.concurrent.FutureTask.run(FutureTask.java:266)
      at java.util.concurrent.ThreadPoolExecutor.runWorker(ThreadPoolExecutor.java:1142)
      at java.util.concurrent.ThreadPoolExecutor$Worker.run(ThreadPoolExecutor.java:617)
      at java.lang.Thread.run(Thread.java:745)
</pre>

          </div>

        </td>

        <td class="passed">passed

        </td>

        <td class="passed">passed

        </td>

    </tr>

    <tr>
        <td>a != 2 and a != 5</td>

        <td class="passed">passed

        </td>

        <td class="passed">passed

        </td>

        <td class="passed">passed

        </td>

        <td class="passed">passed

        </td>

        <td class="passed">passed

        </td>

        <td class="passed">passed

        </td>

        <td class="failed">failed

          <div class="add-info">

              <div class="message">"$this->a[() != 2 && $this->a()] != 5" was not equal to "$this->a[ != 2 && $this->a] != 5"</div>

              <pre class="trace">
      org.scalatest.exceptions.TestFailedException: &quot;$this-&gt;a[() != 2 &amp;&amp; $this-&gt;a()] != 5&quot; was not equal to &quot;$this-&gt;a[ != 2 &amp;&amp; $this-&gt;a] != 5&quot;
      at org.scalatest.MatchersHelper$.newTestFailedException(MatchersHelper.scala:160)
      at org.scalatest.Matchers$ShouldMethodHelper$.shouldMatcher(Matchers.scala:6254)
      at org.scalatest.Matchers$AnyShouldWrapper.should(Matchers.scala:6288)
      at io.kaitai.struct.translators.TranslatorSpec$$anonfun$2$$anonfun$apply$3$$anonfun$apply$2.apply$mcV$sp(TranslatorSpec.scala:287)
      at io.kaitai.struct.translators.TranslatorSpec$$anonfun$2$$anonfun$apply$3$$anonfun$apply$2.apply(TranslatorSpec.scala:281)
      at io.kaitai.struct.translators.TranslatorSpec$$anonfun$2$$anonfun$apply$3$$anonfun$apply$2.apply(TranslatorSpec.scala:281)
      at org.scalatest.Transformer$$anonfun$apply$1.apply$mcV$sp(Transformer.scala:22)
      at org.scalatest.OutcomeOf$class.outcomeOf(OutcomeOf.scala:85)
      at org.scalatest.OutcomeOf$.outcomeOf(OutcomeOf.scala:104)
      at org.scalatest.Transformer.apply(Transformer.scala:22)
      at org.scalatest.Transformer.apply(Transformer.scala:20)
      at org.scalatest.FunSuiteLike$$anon$1.apply(FunSuiteLike.scala:166)
      at org.scalatest.Suite$class.withFixture(Suite.scala:1122)
      at org.scalatest.FunSuite.withFixture(FunSuite.scala:1555)
      at org.scalatest.FunSuiteLike$class.invokeWithFixture$1(FunSuiteLike.scala:163)
      at org.scalatest.FunSuiteLike$$anonfun$runTest$1.apply(FunSuiteLike.scala:175)
      at org.scalatest.FunSuiteLike$$anonfun$runTest$1.apply(FunSuiteLike.scala:175)
      at org.scalatest.SuperEngine.runTestImpl(Engine.scala:306)
      at org.scalatest.FunSuiteLike$class.runTest(FunSuiteLike.scala:175)
      at org.scalatest.FunSuite.runTest(FunSuite.scala:1555)
      at org.scalatest.FunSuiteLike$$anonfun$runTests$1.apply(FunSuiteLike.scala:208)
      at org.scalatest.FunSuiteLike$$anonfun$runTests$1.apply(FunSuiteLike.scala:208)
      at org.scalatest.SuperEngine$$anonfun$traverseSubNodes$1$1.apply(Engine.scala:413)
      at org.scalatest.SuperEngine$$anonfun$traverseSubNodes$1$1.apply(Engine.scala:401)
      at scala.collection.immutable.List.foreach(List.scala:381)
      at org.scalatest.SuperEngine.traverseSubNodes$1(Engine.scala:401)
      at org.scalatest.SuperEngine.org$scalatest$SuperEngine$$runTestsInBranch(Engine.scala:396)
      at org.scalatest.SuperEngine.runTestsImpl(Engine.scala:483)
      at org.scalatest.FunSuiteLike$class.runTests(FunSuiteLike.scala:208)
      at org.scalatest.FunSuite.runTests(FunSuite.scala:1555)
      at org.scalatest.Suite$class.run(Suite.scala:1424)
      at org.scalatest.FunSuite.org$scalatest$FunSuiteLike$$super$run(FunSuite.scala:1555)
      at org.scalatest.FunSuiteLike$$anonfun$run$1.apply(FunSuiteLike.scala:212)
      at org.scalatest.FunSuiteLike$$anonfun$run$1.apply(FunSuiteLike.scala:212)
      at org.scalatest.SuperEngine.runImpl(Engine.scala:545)
      at org.scalatest.FunSuiteLike$class.run(FunSuiteLike.scala:212)
      at org.scalatest.FunSuite.run(FunSuite.scala:1555)
      at org.scalatest.tools.Framework.org$scalatest$tools$Framework$$runSuite(Framework.scala:357)
      at org.scalatest.tools.Framework$ScalaTestTask.execute(Framework.scala:502)
      at sbt.TestRunner.runTest$1(TestFramework.scala:76)
      at sbt.TestRunner.run(TestFramework.scala:85)
      at sbt.TestFramework$$anon$2$$anonfun$$init$$1$$anonfun$apply$8.apply(TestFramework.scala:202)
      at sbt.TestFramework$$anon$2$$anonfun$$init$$1$$anonfun$apply$8.apply(TestFramework.scala:202)
      at sbt.TestFramework$.sbt$TestFramework$$withContextLoader(TestFramework.scala:185)
      at sbt.TestFramework$$anon$2$$anonfun$$init$$1.apply(TestFramework.scala:202)
      at sbt.TestFramework$$anon$2$$anonfun$$init$$1.apply(TestFramework.scala:202)
      at sbt.TestFunction.apply(TestFramework.scala:207)
      at sbt.Tests$$anonfun$9.apply(Tests.scala:216)
      at sbt.Tests$$anonfun$9.apply(Tests.scala:216)
      at sbt.std.Transform$$anon$3$$anonfun$apply$2.apply(System.scala:44)
      at sbt.std.Transform$$anon$3$$anonfun$apply$2.apply(System.scala:44)
      at sbt.std.Transform$$anon$4.work(System.scala:63)
      at sbt.Execute$$anonfun$submit$1$$anonfun$apply$1.apply(Execute.scala:226)
      at sbt.Execute$$anonfun$submit$1$$anonfun$apply$1.apply(Execute.scala:226)
      at sbt.ErrorHandling$.wideConvert(ErrorHandling.scala:17)
      at sbt.Execute.work(Execute.scala:235)
      at sbt.Execute$$anonfun$submit$1.apply(Execute.scala:226)
      at sbt.Execute$$anonfun$submit$1.apply(Execute.scala:226)
      at sbt.ConcurrentRestrictions$$anon$4$$anonfun$1.apply(ConcurrentRestrictions.scala:159)
      at sbt.CompletionService$$anon$2.call(CompletionService.scala:28)
      at java.util.concurrent.FutureTask.run(FutureTask.java:266)
      at java.util.concurrent.Executors$RunnableAdapter.call(Executors.java:511)
      at java.util.concurrent.FutureTask.run(FutureTask.java:266)
      at java.util.concurrent.ThreadPoolExecutor.runWorker(ThreadPoolExecutor.java:1142)
      at java.util.concurrent.ThreadPoolExecutor$Worker.run(ThreadPoolExecutor.java:617)
      at java.lang.Thread.run(Thread.java:745)
</pre>

          </div>

        </td>

        <td class="passed">passed

        </td>

        <td class="passed">passed

        </td>

    </tr>

    <tr>
        <td>a.first</td>

        <td class="passed">passed

        </td>

        <td class="passed">passed

        </td>

        <td class="passed">passed

        </td>

        <td class="passed">passed

        </td>

        <td class="passed">passed

        </td>

        <td class="no-spec">no spec

          <div class="add-info">

              <div class="message">no expected result</div>

              <pre class="trace">
      org.scalatest.exceptions.TestFailedException: no expected result
      at org.scalatest.Assertions$class.newAssertionFailedException(Assertions.scala:495)
      at org.scalatest.FunSuite.newAssertionFailedException(FunSuite.scala:1555)
      at org.scalatest.Assertions$class.fail(Assertions.scala:1328)
      at org.scalatest.FunSuite.fail(FunSuite.scala:1555)
      at io.kaitai.struct.translators.TranslatorSpec$$anonfun$2$$anonfun$apply$3$$anonfun$apply$2.apply$mcV$sp(TranslatorSpec.scala:289)
      at io.kaitai.struct.translators.TranslatorSpec$$anonfun$2$$anonfun$apply$3$$anonfun$apply$2.apply(TranslatorSpec.scala:281)
      at io.kaitai.struct.translators.TranslatorSpec$$anonfun$2$$anonfun$apply$3$$anonfun$apply$2.apply(TranslatorSpec.scala:281)
      at org.scalatest.Transformer$$anonfun$apply$1.apply$mcV$sp(Transformer.scala:22)
      at org.scalatest.OutcomeOf$class.outcomeOf(OutcomeOf.scala:85)
      at org.scalatest.OutcomeOf$.outcomeOf(OutcomeOf.scala:104)
      at org.scalatest.Transformer.apply(Transformer.scala:22)
      at org.scalatest.Transformer.apply(Transformer.scala:20)
      at org.scalatest.FunSuiteLike$$anon$1.apply(FunSuiteLike.scala:166)
      at org.scalatest.Suite$class.withFixture(Suite.scala:1122)
      at org.scalatest.FunSuite.withFixture(FunSuite.scala:1555)
      at org.scalatest.FunSuiteLike$class.invokeWithFixture$1(FunSuiteLike.scala:163)
      at org.scalatest.FunSuiteLike$$anonfun$runTest$1.apply(FunSuiteLike.scala:175)
      at org.scalatest.FunSuiteLike$$anonfun$runTest$1.apply(FunSuiteLike.scala:175)
      at org.scalatest.SuperEngine.runTestImpl(Engine.scala:306)
      at org.scalatest.FunSuiteLike$class.runTest(FunSuiteLike.scala:175)
      at org.scalatest.FunSuite.runTest(FunSuite.scala:1555)
      at org.scalatest.FunSuiteLike$$anonfun$runTests$1.apply(FunSuiteLike.scala:208)
      at org.scalatest.FunSuiteLike$$anonfun$runTests$1.apply(FunSuiteLike.scala:208)
      at org.scalatest.SuperEngine$$anonfun$traverseSubNodes$1$1.apply(Engine.scala:413)
      at org.scalatest.SuperEngine$$anonfun$traverseSubNodes$1$1.apply(Engine.scala:401)
      at scala.collection.immutable.List.foreach(List.scala:381)
      at org.scalatest.SuperEngine.traverseSubNodes$1(Engine.scala:401)
      at org.scalatest.SuperEngine.org$scalatest$SuperEngine$$runTestsInBranch(Engine.scala:396)
      at org.scalatest.SuperEngine.runTestsImpl(Engine.scala:483)
      at org.scalatest.FunSuiteLike$class.runTests(FunSuiteLike.scala:208)
      at org.scalatest.FunSuite.runTests(FunSuite.scala:1555)
      at org.scalatest.Suite$class.run(Suite.scala:1424)
      at org.scalatest.FunSuite.org$scalatest$FunSuiteLike$$super$run(FunSuite.scala:1555)
      at org.scalatest.FunSuiteLike$$anonfun$run$1.apply(FunSuiteLike.scala:212)
      at org.scalatest.FunSuiteLike$$anonfun$run$1.apply(FunSuiteLike.scala:212)
      at org.scalatest.SuperEngine.runImpl(Engine.scala:545)
      at org.scalatest.FunSuiteLike$class.run(FunSuiteLike.scala:212)
      at org.scalatest.FunSuite.run(FunSuite.scala:1555)
      at org.scalatest.tools.Framework.org$scalatest$tools$Framework$$runSuite(Framework.scala:357)
      at org.scalatest.tools.Framework$ScalaTestTask.execute(Framework.scala:502)
      at sbt.TestRunner.runTest$1(TestFramework.scala:76)
      at sbt.TestRunner.run(TestFramework.scala:85)
      at sbt.TestFramework$$anon$2$$anonfun$$init$$1$$anonfun$apply$8.apply(TestFramework.scala:202)
      at sbt.TestFramework$$anon$2$$anonfun$$init$$1$$anonfun$apply$8.apply(TestFramework.scala:202)
      at sbt.TestFramework$.sbt$TestFramework$$withContextLoader(TestFramework.scala:185)
      at sbt.TestFramework$$anon$2$$anonfun$$init$$1.apply(TestFramework.scala:202)
      at sbt.TestFramework$$anon$2$$anonfun$$init$$1.apply(TestFramework.scala:202)
      at sbt.TestFunction.apply(TestFramework.scala:207)
      at sbt.Tests$$anonfun$9.apply(Tests.scala:216)
      at sbt.Tests$$anonfun$9.apply(Tests.scala:216)
      at sbt.std.Transform$$anon$3$$anonfun$apply$2.apply(System.scala:44)
      at sbt.std.Transform$$anon$3$$anonfun$apply$2.apply(System.scala:44)
      at sbt.std.Transform$$anon$4.work(System.scala:63)
      at sbt.Execute$$anonfun$submit$1$$anonfun$apply$1.apply(Execute.scala:226)
      at sbt.Execute$$anonfun$submit$1$$anonfun$apply$1.apply(Execute.scala:226)
      at sbt.ErrorHandling$.wideConvert(ErrorHandling.scala:17)
      at sbt.Execute.work(Execute.scala:235)
      at sbt.Execute$$anonfun$submit$1.apply(Execute.scala:226)
      at sbt.Execute$$anonfun$submit$1.apply(Execute.scala:226)
      at sbt.ConcurrentRestrictions$$anon$4$$anonfun$1.apply(ConcurrentRestrictions.scala:159)
      at sbt.CompletionService$$anon$2.call(CompletionService.scala:28)
      at java.util.concurrent.FutureTask.run(FutureTask.java:266)
      at java.util.concurrent.Executors$RunnableAdapter.call(Executors.java:511)
      at java.util.concurrent.FutureTask.run(FutureTask.java:266)
      at java.util.concurrent.ThreadPoolExecutor.runWorker(ThreadPoolExecutor.java:1142)
      at java.util.concurrent.ThreadPoolExecutor$Worker.run(ThreadPoolExecutor.java:617)
      at java.lang.Thread.run(Thread.java:745)
</pre>

          </div>

        </td>

        <td class="no-spec">no spec

          <div class="add-info">

              <div class="message">no expected result</div>

              <pre class="trace">
      org.scalatest.exceptions.TestFailedException: no expected result
      at org.scalatest.Assertions$class.newAssertionFailedException(Assertions.scala:495)
      at org.scalatest.FunSuite.newAssertionFailedException(FunSuite.scala:1555)
      at org.scalatest.Assertions$class.fail(Assertions.scala:1328)
      at org.scalatest.FunSuite.fail(FunSuite.scala:1555)
      at io.kaitai.struct.translators.TranslatorSpec$$anonfun$2$$anonfun$apply$3$$anonfun$apply$2.apply$mcV$sp(TranslatorSpec.scala:289)
      at io.kaitai.struct.translators.TranslatorSpec$$anonfun$2$$anonfun$apply$3$$anonfun$apply$2.apply(TranslatorSpec.scala:281)
      at io.kaitai.struct.translators.TranslatorSpec$$anonfun$2$$anonfun$apply$3$$anonfun$apply$2.apply(TranslatorSpec.scala:281)
      at org.scalatest.Transformer$$anonfun$apply$1.apply$mcV$sp(Transformer.scala:22)
      at org.scalatest.OutcomeOf$class.outcomeOf(OutcomeOf.scala:85)
      at org.scalatest.OutcomeOf$.outcomeOf(OutcomeOf.scala:104)
      at org.scalatest.Transformer.apply(Transformer.scala:22)
      at org.scalatest.Transformer.apply(Transformer.scala:20)
      at org.scalatest.FunSuiteLike$$anon$1.apply(FunSuiteLike.scala:166)
      at org.scalatest.Suite$class.withFixture(Suite.scala:1122)
      at org.scalatest.FunSuite.withFixture(FunSuite.scala:1555)
      at org.scalatest.FunSuiteLike$class.invokeWithFixture$1(FunSuiteLike.scala:163)
      at org.scalatest.FunSuiteLike$$anonfun$runTest$1.apply(FunSuiteLike.scala:175)
      at org.scalatest.FunSuiteLike$$anonfun$runTest$1.apply(FunSuiteLike.scala:175)
      at org.scalatest.SuperEngine.runTestImpl(Engine.scala:306)
      at org.scalatest.FunSuiteLike$class.runTest(FunSuiteLike.scala:175)
      at org.scalatest.FunSuite.runTest(FunSuite.scala:1555)
      at org.scalatest.FunSuiteLike$$anonfun$runTests$1.apply(FunSuiteLike.scala:208)
      at org.scalatest.FunSuiteLike$$anonfun$runTests$1.apply(FunSuiteLike.scala:208)
      at org.scalatest.SuperEngine$$anonfun$traverseSubNodes$1$1.apply(Engine.scala:413)
      at org.scalatest.SuperEngine$$anonfun$traverseSubNodes$1$1.apply(Engine.scala:401)
      at scala.collection.immutable.List.foreach(List.scala:381)
      at org.scalatest.SuperEngine.traverseSubNodes$1(Engine.scala:401)
      at org.scalatest.SuperEngine.org$scalatest$SuperEngine$$runTestsInBranch(Engine.scala:396)
      at org.scalatest.SuperEngine.runTestsImpl(Engine.scala:483)
      at org.scalatest.FunSuiteLike$class.runTests(FunSuiteLike.scala:208)
      at org.scalatest.FunSuite.runTests(FunSuite.scala:1555)
      at org.scalatest.Suite$class.run(Suite.scala:1424)
      at org.scalatest.FunSuite.org$scalatest$FunSuiteLike$$super$run(FunSuite.scala:1555)
      at org.scalatest.FunSuiteLike$$anonfun$run$1.apply(FunSuiteLike.scala:212)
      at org.scalatest.FunSuiteLike$$anonfun$run$1.apply(FunSuiteLike.scala:212)
      at org.scalatest.SuperEngine.runImpl(Engine.scala:545)
      at org.scalatest.FunSuiteLike$class.run(FunSuiteLike.scala:212)
      at org.scalatest.FunSuite.run(FunSuite.scala:1555)
      at org.scalatest.tools.Framework.org$scalatest$tools$Framework$$runSuite(Framework.scala:357)
      at org.scalatest.tools.Framework$ScalaTestTask.execute(Framework.scala:502)
      at sbt.TestRunner.runTest$1(TestFramework.scala:76)
      at sbt.TestRunner.run(TestFramework.scala:85)
      at sbt.TestFramework$$anon$2$$anonfun$$init$$1$$anonfun$apply$8.apply(TestFramework.scala:202)
      at sbt.TestFramework$$anon$2$$anonfun$$init$$1$$anonfun$apply$8.apply(TestFramework.scala:202)
      at sbt.TestFramework$.sbt$TestFramework$$withContextLoader(TestFramework.scala:185)
      at sbt.TestFramework$$anon$2$$anonfun$$init$$1.apply(TestFramework.scala:202)
      at sbt.TestFramework$$anon$2$$anonfun$$init$$1.apply(TestFramework.scala:202)
      at sbt.TestFunction.apply(TestFramework.scala:207)
      at sbt.Tests$$anonfun$9.apply(Tests.scala:216)
      at sbt.Tests$$anonfun$9.apply(Tests.scala:216)
      at sbt.std.Transform$$anon$3$$anonfun$apply$2.apply(System.scala:44)
      at sbt.std.Transform$$anon$3$$anonfun$apply$2.apply(System.scala:44)
      at sbt.std.Transform$$anon$4.work(System.scala:63)
      at sbt.Execute$$anonfun$submit$1$$anonfun$apply$1.apply(Execute.scala:226)
      at sbt.Execute$$anonfun$submit$1$$anonfun$apply$1.apply(Execute.scala:226)
      at sbt.ErrorHandling$.wideConvert(ErrorHandling.scala:17)
      at sbt.Execute.work(Execute.scala:235)
      at sbt.Execute$$anonfun$submit$1.apply(Execute.scala:226)
      at sbt.Execute$$anonfun$submit$1.apply(Execute.scala:226)
      at sbt.ConcurrentRestrictions$$anon$4$$anonfun$1.apply(ConcurrentRestrictions.scala:159)
      at sbt.CompletionService$$anon$2.call(CompletionService.scala:28)
      at java.util.concurrent.FutureTask.run(FutureTask.java:266)
      at java.util.concurrent.Executors$RunnableAdapter.call(Executors.java:511)
      at java.util.concurrent.FutureTask.run(FutureTask.java:266)
      at java.util.concurrent.ThreadPoolExecutor.runWorker(ThreadPoolExecutor.java:1142)
      at java.util.concurrent.ThreadPoolExecutor$Worker.run(ThreadPoolExecutor.java:617)
      at java.lang.Thread.run(Thread.java:745)
</pre>

          </div>

        </td>

        <td class="passed">passed

        </td>

        <td class="passed">passed

        </td>

    </tr>

    <tr>
        <td>a.last</td>

        <td class="passed">passed

        </td>

        <td class="passed">passed

        </td>

        <td class="passed">passed

        </td>

        <td class="passed">passed

        </td>

        <td class="passed">passed

        </td>

        <td class="no-spec">no spec

          <div class="add-info">

              <div class="message">no expected result</div>

              <pre class="trace">
      org.scalatest.exceptions.TestFailedException: no expected result
      at org.scalatest.Assertions$class.newAssertionFailedException(Assertions.scala:495)
      at org.scalatest.FunSuite.newAssertionFailedException(FunSuite.scala:1555)
      at org.scalatest.Assertions$class.fail(Assertions.scala:1328)
      at org.scalatest.FunSuite.fail(FunSuite.scala:1555)
      at io.kaitai.struct.translators.TranslatorSpec$$anonfun$2$$anonfun$apply$3$$anonfun$apply$2.apply$mcV$sp(TranslatorSpec.scala:289)
      at io.kaitai.struct.translators.TranslatorSpec$$anonfun$2$$anonfun$apply$3$$anonfun$apply$2.apply(TranslatorSpec.scala:281)
      at io.kaitai.struct.translators.TranslatorSpec$$anonfun$2$$anonfun$apply$3$$anonfun$apply$2.apply(TranslatorSpec.scala:281)
      at org.scalatest.Transformer$$anonfun$apply$1.apply$mcV$sp(Transformer.scala:22)
      at org.scalatest.OutcomeOf$class.outcomeOf(OutcomeOf.scala:85)
      at org.scalatest.OutcomeOf$.outcomeOf(OutcomeOf.scala:104)
      at org.scalatest.Transformer.apply(Transformer.scala:22)
      at org.scalatest.Transformer.apply(Transformer.scala:20)
      at org.scalatest.FunSuiteLike$$anon$1.apply(FunSuiteLike.scala:166)
      at org.scalatest.Suite$class.withFixture(Suite.scala:1122)
      at org.scalatest.FunSuite.withFixture(FunSuite.scala:1555)
      at org.scalatest.FunSuiteLike$class.invokeWithFixture$1(FunSuiteLike.scala:163)
      at org.scalatest.FunSuiteLike$$anonfun$runTest$1.apply(FunSuiteLike.scala:175)
      at org.scalatest.FunSuiteLike$$anonfun$runTest$1.apply(FunSuiteLike.scala:175)
      at org.scalatest.SuperEngine.runTestImpl(Engine.scala:306)
      at org.scalatest.FunSuiteLike$class.runTest(FunSuiteLike.scala:175)
      at org.scalatest.FunSuite.runTest(FunSuite.scala:1555)
      at org.scalatest.FunSuiteLike$$anonfun$runTests$1.apply(FunSuiteLike.scala:208)
      at org.scalatest.FunSuiteLike$$anonfun$runTests$1.apply(FunSuiteLike.scala:208)
      at org.scalatest.SuperEngine$$anonfun$traverseSubNodes$1$1.apply(Engine.scala:413)
      at org.scalatest.SuperEngine$$anonfun$traverseSubNodes$1$1.apply(Engine.scala:401)
      at scala.collection.immutable.List.foreach(List.scala:381)
      at org.scalatest.SuperEngine.traverseSubNodes$1(Engine.scala:401)
      at org.scalatest.SuperEngine.org$scalatest$SuperEngine$$runTestsInBranch(Engine.scala:396)
      at org.scalatest.SuperEngine.runTestsImpl(Engine.scala:483)
      at org.scalatest.FunSuiteLike$class.runTests(FunSuiteLike.scala:208)
      at org.scalatest.FunSuite.runTests(FunSuite.scala:1555)
      at org.scalatest.Suite$class.run(Suite.scala:1424)
      at org.scalatest.FunSuite.org$scalatest$FunSuiteLike$$super$run(FunSuite.scala:1555)
      at org.scalatest.FunSuiteLike$$anonfun$run$1.apply(FunSuiteLike.scala:212)
      at org.scalatest.FunSuiteLike$$anonfun$run$1.apply(FunSuiteLike.scala:212)
      at org.scalatest.SuperEngine.runImpl(Engine.scala:545)
      at org.scalatest.FunSuiteLike$class.run(FunSuiteLike.scala:212)
      at org.scalatest.FunSuite.run(FunSuite.scala:1555)
      at org.scalatest.tools.Framework.org$scalatest$tools$Framework$$runSuite(Framework.scala:357)
      at org.scalatest.tools.Framework$ScalaTestTask.execute(Framework.scala:502)
      at sbt.TestRunner.runTest$1(TestFramework.scala:76)
      at sbt.TestRunner.run(TestFramework.scala:85)
      at sbt.TestFramework$$anon$2$$anonfun$$init$$1$$anonfun$apply$8.apply(TestFramework.scala:202)
      at sbt.TestFramework$$anon$2$$anonfun$$init$$1$$anonfun$apply$8.apply(TestFramework.scala:202)
      at sbt.TestFramework$.sbt$TestFramework$$withContextLoader(TestFramework.scala:185)
      at sbt.TestFramework$$anon$2$$anonfun$$init$$1.apply(TestFramework.scala:202)
      at sbt.TestFramework$$anon$2$$anonfun$$init$$1.apply(TestFramework.scala:202)
      at sbt.TestFunction.apply(TestFramework.scala:207)
      at sbt.Tests$$anonfun$9.apply(Tests.scala:216)
      at sbt.Tests$$anonfun$9.apply(Tests.scala:216)
      at sbt.std.Transform$$anon$3$$anonfun$apply$2.apply(System.scala:44)
      at sbt.std.Transform$$anon$3$$anonfun$apply$2.apply(System.scala:44)
      at sbt.std.Transform$$anon$4.work(System.scala:63)
      at sbt.Execute$$anonfun$submit$1$$anonfun$apply$1.apply(Execute.scala:226)
      at sbt.Execute$$anonfun$submit$1$$anonfun$apply$1.apply(Execute.scala:226)
      at sbt.ErrorHandling$.wideConvert(ErrorHandling.scala:17)
      at sbt.Execute.work(Execute.scala:235)
      at sbt.Execute$$anonfun$submit$1.apply(Execute.scala:226)
      at sbt.Execute$$anonfun$submit$1.apply(Execute.scala:226)
      at sbt.ConcurrentRestrictions$$anon$4$$anonfun$1.apply(ConcurrentRestrictions.scala:159)
      at sbt.CompletionService$$anon$2.call(CompletionService.scala:28)
      at java.util.concurrent.FutureTask.run(FutureTask.java:266)
      at java.util.concurrent.Executors$RunnableAdapter.call(Executors.java:511)
      at java.util.concurrent.FutureTask.run(FutureTask.java:266)
      at java.util.concurrent.ThreadPoolExecutor.runWorker(ThreadPoolExecutor.java:1142)
      at java.util.concurrent.ThreadPoolExecutor$Worker.run(ThreadPoolExecutor.java:617)
      at java.lang.Thread.run(Thread.java:745)
</pre>

          </div>

        </td>

        <td class="no-spec">no spec

          <div class="add-info">

              <div class="message">no expected result</div>

              <pre class="trace">
      org.scalatest.exceptions.TestFailedException: no expected result
      at org.scalatest.Assertions$class.newAssertionFailedException(Assertions.scala:495)
      at org.scalatest.FunSuite.newAssertionFailedException(FunSuite.scala:1555)
      at org.scalatest.Assertions$class.fail(Assertions.scala:1328)
      at org.scalatest.FunSuite.fail(FunSuite.scala:1555)
      at io.kaitai.struct.translators.TranslatorSpec$$anonfun$2$$anonfun$apply$3$$anonfun$apply$2.apply$mcV$sp(TranslatorSpec.scala:289)
      at io.kaitai.struct.translators.TranslatorSpec$$anonfun$2$$anonfun$apply$3$$anonfun$apply$2.apply(TranslatorSpec.scala:281)
      at io.kaitai.struct.translators.TranslatorSpec$$anonfun$2$$anonfun$apply$3$$anonfun$apply$2.apply(TranslatorSpec.scala:281)
      at org.scalatest.Transformer$$anonfun$apply$1.apply$mcV$sp(Transformer.scala:22)
      at org.scalatest.OutcomeOf$class.outcomeOf(OutcomeOf.scala:85)
      at org.scalatest.OutcomeOf$.outcomeOf(OutcomeOf.scala:104)
      at org.scalatest.Transformer.apply(Transformer.scala:22)
      at org.scalatest.Transformer.apply(Transformer.scala:20)
      at org.scalatest.FunSuiteLike$$anon$1.apply(FunSuiteLike.scala:166)
      at org.scalatest.Suite$class.withFixture(Suite.scala:1122)
      at org.scalatest.FunSuite.withFixture(FunSuite.scala:1555)
      at org.scalatest.FunSuiteLike$class.invokeWithFixture$1(FunSuiteLike.scala:163)
      at org.scalatest.FunSuiteLike$$anonfun$runTest$1.apply(FunSuiteLike.scala:175)
      at org.scalatest.FunSuiteLike$$anonfun$runTest$1.apply(FunSuiteLike.scala:175)
      at org.scalatest.SuperEngine.runTestImpl(Engine.scala:306)
      at org.scalatest.FunSuiteLike$class.runTest(FunSuiteLike.scala:175)
      at org.scalatest.FunSuite.runTest(FunSuite.scala:1555)
      at org.scalatest.FunSuiteLike$$anonfun$runTests$1.apply(FunSuiteLike.scala:208)
      at org.scalatest.FunSuiteLike$$anonfun$runTests$1.apply(FunSuiteLike.scala:208)
      at org.scalatest.SuperEngine$$anonfun$traverseSubNodes$1$1.apply(Engine.scala:413)
      at org.scalatest.SuperEngine$$anonfun$traverseSubNodes$1$1.apply(Engine.scala:401)
      at scala.collection.immutable.List.foreach(List.scala:381)
      at org.scalatest.SuperEngine.traverseSubNodes$1(Engine.scala:401)
      at org.scalatest.SuperEngine.org$scalatest$SuperEngine$$runTestsInBranch(Engine.scala:396)
      at org.scalatest.SuperEngine.runTestsImpl(Engine.scala:483)
      at org.scalatest.FunSuiteLike$class.runTests(FunSuiteLike.scala:208)
      at org.scalatest.FunSuite.runTests(FunSuite.scala:1555)
      at org.scalatest.Suite$class.run(Suite.scala:1424)
      at org.scalatest.FunSuite.org$scalatest$FunSuiteLike$$super$run(FunSuite.scala:1555)
      at org.scalatest.FunSuiteLike$$anonfun$run$1.apply(FunSuiteLike.scala:212)
      at org.scalatest.FunSuiteLike$$anonfun$run$1.apply(FunSuiteLike.scala:212)
      at org.scalatest.SuperEngine.runImpl(Engine.scala:545)
      at org.scalatest.FunSuiteLike$class.run(FunSuiteLike.scala:212)
      at org.scalatest.FunSuite.run(FunSuite.scala:1555)
      at org.scalatest.tools.Framework.org$scalatest$tools$Framework$$runSuite(Framework.scala:357)
      at org.scalatest.tools.Framework$ScalaTestTask.execute(Framework.scala:502)
      at sbt.TestRunner.runTest$1(TestFramework.scala:76)
      at sbt.TestRunner.run(TestFramework.scala:85)
      at sbt.TestFramework$$anon$2$$anonfun$$init$$1$$anonfun$apply$8.apply(TestFramework.scala:202)
      at sbt.TestFramework$$anon$2$$anonfun$$init$$1$$anonfun$apply$8.apply(TestFramework.scala:202)
      at sbt.TestFramework$.sbt$TestFramework$$withContextLoader(TestFramework.scala:185)
      at sbt.TestFramework$$anon$2$$anonfun$$init$$1.apply(TestFramework.scala:202)
      at sbt.TestFramework$$anon$2$$anonfun$$init$$1.apply(TestFramework.scala:202)
      at sbt.TestFunction.apply(TestFramework.scala:207)
      at sbt.Tests$$anonfun$9.apply(Tests.scala:216)
      at sbt.Tests$$anonfun$9.apply(Tests.scala:216)
      at sbt.std.Transform$$anon$3$$anonfun$apply$2.apply(System.scala:44)
      at sbt.std.Transform$$anon$3$$anonfun$apply$2.apply(System.scala:44)
      at sbt.std.Transform$$anon$4.work(System.scala:63)
      at sbt.Execute$$anonfun$submit$1$$anonfun$apply$1.apply(Execute.scala:226)
      at sbt.Execute$$anonfun$submit$1$$anonfun$apply$1.apply(Execute.scala:226)
      at sbt.ErrorHandling$.wideConvert(ErrorHandling.scala:17)
      at sbt.Execute.work(Execute.scala:235)
      at sbt.Execute$$anonfun$submit$1.apply(Execute.scala:226)
      at sbt.Execute$$anonfun$submit$1.apply(Execute.scala:226)
      at sbt.ConcurrentRestrictions$$anon$4$$anonfun$1.apply(ConcurrentRestrictions.scala:159)
      at sbt.CompletionService$$anon$2.call(CompletionService.scala:28)
      at java.util.concurrent.FutureTask.run(FutureTask.java:266)
      at java.util.concurrent.Executors$RunnableAdapter.call(Executors.java:511)
      at java.util.concurrent.FutureTask.run(FutureTask.java:266)
      at java.util.concurrent.ThreadPoolExecutor.runWorker(ThreadPoolExecutor.java:1142)
      at java.util.concurrent.ThreadPoolExecutor$Worker.run(ThreadPoolExecutor.java:617)
      at java.lang.Thread.run(Thread.java:745)
</pre>

          </div>

        </td>

        <td class="passed">passed

        </td>

        <td class="passed">passed

        </td>

    </tr>

    <tr>
        <td>a[42 - 2]</td>

        <td class="passed">passed

        </td>

        <td class="passed">passed

        </td>

        <td class="passed">passed

        </td>

        <td class="passed">passed

        </td>

        <td class="passed">passed

        </td>

        <td class="no-spec">no spec

          <div class="add-info">

              <div class="message">no expected result</div>

              <pre class="trace">
      org.scalatest.exceptions.TestFailedException: no expected result
      at org.scalatest.Assertions$class.newAssertionFailedException(Assertions.scala:495)
      at org.scalatest.FunSuite.newAssertionFailedException(FunSuite.scala:1555)
      at org.scalatest.Assertions$class.fail(Assertions.scala:1328)
      at org.scalatest.FunSuite.fail(FunSuite.scala:1555)
      at io.kaitai.struct.translators.TranslatorSpec$$anonfun$2$$anonfun$apply$3$$anonfun$apply$2.apply$mcV$sp(TranslatorSpec.scala:289)
      at io.kaitai.struct.translators.TranslatorSpec$$anonfun$2$$anonfun$apply$3$$anonfun$apply$2.apply(TranslatorSpec.scala:281)
      at io.kaitai.struct.translators.TranslatorSpec$$anonfun$2$$anonfun$apply$3$$anonfun$apply$2.apply(TranslatorSpec.scala:281)
      at org.scalatest.Transformer$$anonfun$apply$1.apply$mcV$sp(Transformer.scala:22)
      at org.scalatest.OutcomeOf$class.outcomeOf(OutcomeOf.scala:85)
      at org.scalatest.OutcomeOf$.outcomeOf(OutcomeOf.scala:104)
      at org.scalatest.Transformer.apply(Transformer.scala:22)
      at org.scalatest.Transformer.apply(Transformer.scala:20)
      at org.scalatest.FunSuiteLike$$anon$1.apply(FunSuiteLike.scala:166)
      at org.scalatest.Suite$class.withFixture(Suite.scala:1122)
      at org.scalatest.FunSuite.withFixture(FunSuite.scala:1555)
      at org.scalatest.FunSuiteLike$class.invokeWithFixture$1(FunSuiteLike.scala:163)
      at org.scalatest.FunSuiteLike$$anonfun$runTest$1.apply(FunSuiteLike.scala:175)
      at org.scalatest.FunSuiteLike$$anonfun$runTest$1.apply(FunSuiteLike.scala:175)
      at org.scalatest.SuperEngine.runTestImpl(Engine.scala:306)
      at org.scalatest.FunSuiteLike$class.runTest(FunSuiteLike.scala:175)
      at org.scalatest.FunSuite.runTest(FunSuite.scala:1555)
      at org.scalatest.FunSuiteLike$$anonfun$runTests$1.apply(FunSuiteLike.scala:208)
      at org.scalatest.FunSuiteLike$$anonfun$runTests$1.apply(FunSuiteLike.scala:208)
      at org.scalatest.SuperEngine$$anonfun$traverseSubNodes$1$1.apply(Engine.scala:413)
      at org.scalatest.SuperEngine$$anonfun$traverseSubNodes$1$1.apply(Engine.scala:401)
      at scala.collection.immutable.List.foreach(List.scala:381)
      at org.scalatest.SuperEngine.traverseSubNodes$1(Engine.scala:401)
      at org.scalatest.SuperEngine.org$scalatest$SuperEngine$$runTestsInBranch(Engine.scala:396)
      at org.scalatest.SuperEngine.runTestsImpl(Engine.scala:483)
      at org.scalatest.FunSuiteLike$class.runTests(FunSuiteLike.scala:208)
      at org.scalatest.FunSuite.runTests(FunSuite.scala:1555)
      at org.scalatest.Suite$class.run(Suite.scala:1424)
      at org.scalatest.FunSuite.org$scalatest$FunSuiteLike$$super$run(FunSuite.scala:1555)
      at org.scalatest.FunSuiteLike$$anonfun$run$1.apply(FunSuiteLike.scala:212)
      at org.scalatest.FunSuiteLike$$anonfun$run$1.apply(FunSuiteLike.scala:212)
      at org.scalatest.SuperEngine.runImpl(Engine.scala:545)
      at org.scalatest.FunSuiteLike$class.run(FunSuiteLike.scala:212)
      at org.scalatest.FunSuite.run(FunSuite.scala:1555)
      at org.scalatest.tools.Framework.org$scalatest$tools$Framework$$runSuite(Framework.scala:357)
      at org.scalatest.tools.Framework$ScalaTestTask.execute(Framework.scala:502)
      at sbt.TestRunner.runTest$1(TestFramework.scala:76)
      at sbt.TestRunner.run(TestFramework.scala:85)
      at sbt.TestFramework$$anon$2$$anonfun$$init$$1$$anonfun$apply$8.apply(TestFramework.scala:202)
      at sbt.TestFramework$$anon$2$$anonfun$$init$$1$$anonfun$apply$8.apply(TestFramework.scala:202)
      at sbt.TestFramework$.sbt$TestFramework$$withContextLoader(TestFramework.scala:185)
      at sbt.TestFramework$$anon$2$$anonfun$$init$$1.apply(TestFramework.scala:202)
      at sbt.TestFramework$$anon$2$$anonfun$$init$$1.apply(TestFramework.scala:202)
      at sbt.TestFunction.apply(TestFramework.scala:207)
      at sbt.Tests$$anonfun$9.apply(Tests.scala:216)
      at sbt.Tests$$anonfun$9.apply(Tests.scala:216)
      at sbt.std.Transform$$anon$3$$anonfun$apply$2.apply(System.scala:44)
      at sbt.std.Transform$$anon$3$$anonfun$apply$2.apply(System.scala:44)
      at sbt.std.Transform$$anon$4.work(System.scala:63)
      at sbt.Execute$$anonfun$submit$1$$anonfun$apply$1.apply(Execute.scala:226)
      at sbt.Execute$$anonfun$submit$1$$anonfun$apply$1.apply(Execute.scala:226)
      at sbt.ErrorHandling$.wideConvert(ErrorHandling.scala:17)
      at sbt.Execute.work(Execute.scala:235)
      at sbt.Execute$$anonfun$submit$1.apply(Execute.scala:226)
      at sbt.Execute$$anonfun$submit$1.apply(Execute.scala:226)
      at sbt.ConcurrentRestrictions$$anon$4$$anonfun$1.apply(ConcurrentRestrictions.scala:159)
      at sbt.CompletionService$$anon$2.call(CompletionService.scala:28)
      at java.util.concurrent.FutureTask.run(FutureTask.java:266)
      at java.util.concurrent.Executors$RunnableAdapter.call(Executors.java:511)
      at java.util.concurrent.FutureTask.run(FutureTask.java:266)
      at java.util.concurrent.ThreadPoolExecutor.runWorker(ThreadPoolExecutor.java:1142)
      at java.util.concurrent.ThreadPoolExecutor$Worker.run(ThreadPoolExecutor.java:617)
      at java.lang.Thread.run(Thread.java:745)
</pre>

          </div>

        </td>

        <td class="no-spec">no spec

          <div class="add-info">

              <div class="message">no expected result</div>

              <pre class="trace">
      org.scalatest.exceptions.TestFailedException: no expected result
      at org.scalatest.Assertions$class.newAssertionFailedException(Assertions.scala:495)
      at org.scalatest.FunSuite.newAssertionFailedException(FunSuite.scala:1555)
      at org.scalatest.Assertions$class.fail(Assertions.scala:1328)
      at org.scalatest.FunSuite.fail(FunSuite.scala:1555)
      at io.kaitai.struct.translators.TranslatorSpec$$anonfun$2$$anonfun$apply$3$$anonfun$apply$2.apply$mcV$sp(TranslatorSpec.scala:289)
      at io.kaitai.struct.translators.TranslatorSpec$$anonfun$2$$anonfun$apply$3$$anonfun$apply$2.apply(TranslatorSpec.scala:281)
      at io.kaitai.struct.translators.TranslatorSpec$$anonfun$2$$anonfun$apply$3$$anonfun$apply$2.apply(TranslatorSpec.scala:281)
      at org.scalatest.Transformer$$anonfun$apply$1.apply$mcV$sp(Transformer.scala:22)
      at org.scalatest.OutcomeOf$class.outcomeOf(OutcomeOf.scala:85)
      at org.scalatest.OutcomeOf$.outcomeOf(OutcomeOf.scala:104)
      at org.scalatest.Transformer.apply(Transformer.scala:22)
      at org.scalatest.Transformer.apply(Transformer.scala:20)
      at org.scalatest.FunSuiteLike$$anon$1.apply(FunSuiteLike.scala:166)
      at org.scalatest.Suite$class.withFixture(Suite.scala:1122)
      at org.scalatest.FunSuite.withFixture(FunSuite.scala:1555)
      at org.scalatest.FunSuiteLike$class.invokeWithFixture$1(FunSuiteLike.scala:163)
      at org.scalatest.FunSuiteLike$$anonfun$runTest$1.apply(FunSuiteLike.scala:175)
      at org.scalatest.FunSuiteLike$$anonfun$runTest$1.apply(FunSuiteLike.scala:175)
      at org.scalatest.SuperEngine.runTestImpl(Engine.scala:306)
      at org.scalatest.FunSuiteLike$class.runTest(FunSuiteLike.scala:175)
      at org.scalatest.FunSuite.runTest(FunSuite.scala:1555)
      at org.scalatest.FunSuiteLike$$anonfun$runTests$1.apply(FunSuiteLike.scala:208)
      at org.scalatest.FunSuiteLike$$anonfun$runTests$1.apply(FunSuiteLike.scala:208)
      at org.scalatest.SuperEngine$$anonfun$traverseSubNodes$1$1.apply(Engine.scala:413)
      at org.scalatest.SuperEngine$$anonfun$traverseSubNodes$1$1.apply(Engine.scala:401)
      at scala.collection.immutable.List.foreach(List.scala:381)
      at org.scalatest.SuperEngine.traverseSubNodes$1(Engine.scala:401)
      at org.scalatest.SuperEngine.org$scalatest$SuperEngine$$runTestsInBranch(Engine.scala:396)
      at org.scalatest.SuperEngine.runTestsImpl(Engine.scala:483)
      at org.scalatest.FunSuiteLike$class.runTests(FunSuiteLike.scala:208)
      at org.scalatest.FunSuite.runTests(FunSuite.scala:1555)
      at org.scalatest.Suite$class.run(Suite.scala:1424)
      at org.scalatest.FunSuite.org$scalatest$FunSuiteLike$$super$run(FunSuite.scala:1555)
      at org.scalatest.FunSuiteLike$$anonfun$run$1.apply(FunSuiteLike.scala:212)
      at org.scalatest.FunSuiteLike$$anonfun$run$1.apply(FunSuiteLike.scala:212)
      at org.scalatest.SuperEngine.runImpl(Engine.scala:545)
      at org.scalatest.FunSuiteLike$class.run(FunSuiteLike.scala:212)
      at org.scalatest.FunSuite.run(FunSuite.scala:1555)
      at org.scalatest.tools.Framework.org$scalatest$tools$Framework$$runSuite(Framework.scala:357)
      at org.scalatest.tools.Framework$ScalaTestTask.execute(Framework.scala:502)
      at sbt.TestRunner.runTest$1(TestFramework.scala:76)
      at sbt.TestRunner.run(TestFramework.scala:85)
      at sbt.TestFramework$$anon$2$$anonfun$$init$$1$$anonfun$apply$8.apply(TestFramework.scala:202)
      at sbt.TestFramework$$anon$2$$anonfun$$init$$1$$anonfun$apply$8.apply(TestFramework.scala:202)
      at sbt.TestFramework$.sbt$TestFramework$$withContextLoader(TestFramework.scala:185)
      at sbt.TestFramework$$anon$2$$anonfun$$init$$1.apply(TestFramework.scala:202)
      at sbt.TestFramework$$anon$2$$anonfun$$init$$1.apply(TestFramework.scala:202)
      at sbt.TestFunction.apply(TestFramework.scala:207)
      at sbt.Tests$$anonfun$9.apply(Tests.scala:216)
      at sbt.Tests$$anonfun$9.apply(Tests.scala:216)
      at sbt.std.Transform$$anon$3$$anonfun$apply$2.apply(System.scala:44)
      at sbt.std.Transform$$anon$3$$anonfun$apply$2.apply(System.scala:44)
      at sbt.std.Transform$$anon$4.work(System.scala:63)
      at sbt.Execute$$anonfun$submit$1$$anonfun$apply$1.apply(Execute.scala:226)
      at sbt.Execute$$anonfun$submit$1$$anonfun$apply$1.apply(Execute.scala:226)
      at sbt.ErrorHandling$.wideConvert(ErrorHandling.scala:17)
      at sbt.Execute.work(Execute.scala:235)
      at sbt.Execute$$anonfun$submit$1.apply(Execute.scala:226)
      at sbt.Execute$$anonfun$submit$1.apply(Execute.scala:226)
      at sbt.ConcurrentRestrictions$$anon$4$$anonfun$1.apply(ConcurrentRestrictions.scala:159)
      at sbt.CompletionService$$anon$2.call(CompletionService.scala:28)
      at java.util.concurrent.FutureTask.run(FutureTask.java:266)
      at java.util.concurrent.Executors$RunnableAdapter.call(Executors.java:511)
      at java.util.concurrent.FutureTask.run(FutureTask.java:266)
      at java.util.concurrent.ThreadPoolExecutor.runWorker(ThreadPoolExecutor.java:1142)
      at java.util.concurrent.ThreadPoolExecutor$Worker.run(ThreadPoolExecutor.java:617)
      at java.lang.Thread.run(Thread.java:745)
</pre>

          </div>

        </td>

        <td class="passed">passed

        </td>

        <td class="passed">passed

        </td>

    </tr>

    <tr>
        <td>a[42]</td>

        <td class="passed">passed

        </td>

        <td class="passed">passed

        </td>

        <td class="passed">passed

        </td>

        <td class="passed">passed

        </td>

        <td class="passed">passed

        </td>

        <td class="no-spec">no spec

          <div class="add-info">

              <div class="message">no expected result</div>

              <pre class="trace">
      org.scalatest.exceptions.TestFailedException: no expected result
      at org.scalatest.Assertions$class.newAssertionFailedException(Assertions.scala:495)
      at org.scalatest.FunSuite.newAssertionFailedException(FunSuite.scala:1555)
      at org.scalatest.Assertions$class.fail(Assertions.scala:1328)
      at org.scalatest.FunSuite.fail(FunSuite.scala:1555)
      at io.kaitai.struct.translators.TranslatorSpec$$anonfun$2$$anonfun$apply$3$$anonfun$apply$2.apply$mcV$sp(TranslatorSpec.scala:289)
      at io.kaitai.struct.translators.TranslatorSpec$$anonfun$2$$anonfun$apply$3$$anonfun$apply$2.apply(TranslatorSpec.scala:281)
      at io.kaitai.struct.translators.TranslatorSpec$$anonfun$2$$anonfun$apply$3$$anonfun$apply$2.apply(TranslatorSpec.scala:281)
      at org.scalatest.Transformer$$anonfun$apply$1.apply$mcV$sp(Transformer.scala:22)
      at org.scalatest.OutcomeOf$class.outcomeOf(OutcomeOf.scala:85)
      at org.scalatest.OutcomeOf$.outcomeOf(OutcomeOf.scala:104)
      at org.scalatest.Transformer.apply(Transformer.scala:22)
      at org.scalatest.Transformer.apply(Transformer.scala:20)
      at org.scalatest.FunSuiteLike$$anon$1.apply(FunSuiteLike.scala:166)
      at org.scalatest.Suite$class.withFixture(Suite.scala:1122)
      at org.scalatest.FunSuite.withFixture(FunSuite.scala:1555)
      at org.scalatest.FunSuiteLike$class.invokeWithFixture$1(FunSuiteLike.scala:163)
      at org.scalatest.FunSuiteLike$$anonfun$runTest$1.apply(FunSuiteLike.scala:175)
      at org.scalatest.FunSuiteLike$$anonfun$runTest$1.apply(FunSuiteLike.scala:175)
      at org.scalatest.SuperEngine.runTestImpl(Engine.scala:306)
      at org.scalatest.FunSuiteLike$class.runTest(FunSuiteLike.scala:175)
      at org.scalatest.FunSuite.runTest(FunSuite.scala:1555)
      at org.scalatest.FunSuiteLike$$anonfun$runTests$1.apply(FunSuiteLike.scala:208)
      at org.scalatest.FunSuiteLike$$anonfun$runTests$1.apply(FunSuiteLike.scala:208)
      at org.scalatest.SuperEngine$$anonfun$traverseSubNodes$1$1.apply(Engine.scala:413)
      at org.scalatest.SuperEngine$$anonfun$traverseSubNodes$1$1.apply(Engine.scala:401)
      at scala.collection.immutable.List.foreach(List.scala:381)
      at org.scalatest.SuperEngine.traverseSubNodes$1(Engine.scala:401)
      at org.scalatest.SuperEngine.org$scalatest$SuperEngine$$runTestsInBranch(Engine.scala:396)
      at org.scalatest.SuperEngine.runTestsImpl(Engine.scala:483)
      at org.scalatest.FunSuiteLike$class.runTests(FunSuiteLike.scala:208)
      at org.scalatest.FunSuite.runTests(FunSuite.scala:1555)
      at org.scalatest.Suite$class.run(Suite.scala:1424)
      at org.scalatest.FunSuite.org$scalatest$FunSuiteLike$$super$run(FunSuite.scala:1555)
      at org.scalatest.FunSuiteLike$$anonfun$run$1.apply(FunSuiteLike.scala:212)
      at org.scalatest.FunSuiteLike$$anonfun$run$1.apply(FunSuiteLike.scala:212)
      at org.scalatest.SuperEngine.runImpl(Engine.scala:545)
      at org.scalatest.FunSuiteLike$class.run(FunSuiteLike.scala:212)
      at org.scalatest.FunSuite.run(FunSuite.scala:1555)
      at org.scalatest.tools.Framework.org$scalatest$tools$Framework$$runSuite(Framework.scala:357)
      at org.scalatest.tools.Framework$ScalaTestTask.execute(Framework.scala:502)
      at sbt.TestRunner.runTest$1(TestFramework.scala:76)
      at sbt.TestRunner.run(TestFramework.scala:85)
      at sbt.TestFramework$$anon$2$$anonfun$$init$$1$$anonfun$apply$8.apply(TestFramework.scala:202)
      at sbt.TestFramework$$anon$2$$anonfun$$init$$1$$anonfun$apply$8.apply(TestFramework.scala:202)
      at sbt.TestFramework$.sbt$TestFramework$$withContextLoader(TestFramework.scala:185)
      at sbt.TestFramework$$anon$2$$anonfun$$init$$1.apply(TestFramework.scala:202)
      at sbt.TestFramework$$anon$2$$anonfun$$init$$1.apply(TestFramework.scala:202)
      at sbt.TestFunction.apply(TestFramework.scala:207)
      at sbt.Tests$$anonfun$9.apply(Tests.scala:216)
      at sbt.Tests$$anonfun$9.apply(Tests.scala:216)
      at sbt.std.Transform$$anon$3$$anonfun$apply$2.apply(System.scala:44)
      at sbt.std.Transform$$anon$3$$anonfun$apply$2.apply(System.scala:44)
      at sbt.std.Transform$$anon$4.work(System.scala:63)
      at sbt.Execute$$anonfun$submit$1$$anonfun$apply$1.apply(Execute.scala:226)
      at sbt.Execute$$anonfun$submit$1$$anonfun$apply$1.apply(Execute.scala:226)
      at sbt.ErrorHandling$.wideConvert(ErrorHandling.scala:17)
      at sbt.Execute.work(Execute.scala:235)
      at sbt.Execute$$anonfun$submit$1.apply(Execute.scala:226)
      at sbt.Execute$$anonfun$submit$1.apply(Execute.scala:226)
      at sbt.ConcurrentRestrictions$$anon$4$$anonfun$1.apply(ConcurrentRestrictions.scala:159)
      at sbt.CompletionService$$anon$2.call(CompletionService.scala:28)
      at java.util.concurrent.FutureTask.run(FutureTask.java:266)
      at java.util.concurrent.Executors$RunnableAdapter.call(Executors.java:511)
      at java.util.concurrent.FutureTask.run(FutureTask.java:266)
      at java.util.concurrent.ThreadPoolExecutor.runWorker(ThreadPoolExecutor.java:1142)
      at java.util.concurrent.ThreadPoolExecutor$Worker.run(ThreadPoolExecutor.java:617)
      at java.lang.Thread.run(Thread.java:745)
</pre>

          </div>

        </td>

        <td class="no-spec">no spec

          <div class="add-info">

              <div class="message">no expected result</div>

              <pre class="trace">
      org.scalatest.exceptions.TestFailedException: no expected result
      at org.scalatest.Assertions$class.newAssertionFailedException(Assertions.scala:495)
      at org.scalatest.FunSuite.newAssertionFailedException(FunSuite.scala:1555)
      at org.scalatest.Assertions$class.fail(Assertions.scala:1328)
      at org.scalatest.FunSuite.fail(FunSuite.scala:1555)
      at io.kaitai.struct.translators.TranslatorSpec$$anonfun$2$$anonfun$apply$3$$anonfun$apply$2.apply$mcV$sp(TranslatorSpec.scala:289)
      at io.kaitai.struct.translators.TranslatorSpec$$anonfun$2$$anonfun$apply$3$$anonfun$apply$2.apply(TranslatorSpec.scala:281)
      at io.kaitai.struct.translators.TranslatorSpec$$anonfun$2$$anonfun$apply$3$$anonfun$apply$2.apply(TranslatorSpec.scala:281)
      at org.scalatest.Transformer$$anonfun$apply$1.apply$mcV$sp(Transformer.scala:22)
      at org.scalatest.OutcomeOf$class.outcomeOf(OutcomeOf.scala:85)
      at org.scalatest.OutcomeOf$.outcomeOf(OutcomeOf.scala:104)
      at org.scalatest.Transformer.apply(Transformer.scala:22)
      at org.scalatest.Transformer.apply(Transformer.scala:20)
      at org.scalatest.FunSuiteLike$$anon$1.apply(FunSuiteLike.scala:166)
      at org.scalatest.Suite$class.withFixture(Suite.scala:1122)
      at org.scalatest.FunSuite.withFixture(FunSuite.scala:1555)
      at org.scalatest.FunSuiteLike$class.invokeWithFixture$1(FunSuiteLike.scala:163)
      at org.scalatest.FunSuiteLike$$anonfun$runTest$1.apply(FunSuiteLike.scala:175)
      at org.scalatest.FunSuiteLike$$anonfun$runTest$1.apply(FunSuiteLike.scala:175)
      at org.scalatest.SuperEngine.runTestImpl(Engine.scala:306)
      at org.scalatest.FunSuiteLike$class.runTest(FunSuiteLike.scala:175)
      at org.scalatest.FunSuite.runTest(FunSuite.scala:1555)
      at org.scalatest.FunSuiteLike$$anonfun$runTests$1.apply(FunSuiteLike.scala:208)
      at org.scalatest.FunSuiteLike$$anonfun$runTests$1.apply(FunSuiteLike.scala:208)
      at org.scalatest.SuperEngine$$anonfun$traverseSubNodes$1$1.apply(Engine.scala:413)
      at org.scalatest.SuperEngine$$anonfun$traverseSubNodes$1$1.apply(Engine.scala:401)
      at scala.collection.immutable.List.foreach(List.scala:381)
      at org.scalatest.SuperEngine.traverseSubNodes$1(Engine.scala:401)
      at org.scalatest.SuperEngine.org$scalatest$SuperEngine$$runTestsInBranch(Engine.scala:396)
      at org.scalatest.SuperEngine.runTestsImpl(Engine.scala:483)
      at org.scalatest.FunSuiteLike$class.runTests(FunSuiteLike.scala:208)
      at org.scalatest.FunSuite.runTests(FunSuite.scala:1555)
      at org.scalatest.Suite$class.run(Suite.scala:1424)
      at org.scalatest.FunSuite.org$scalatest$FunSuiteLike$$super$run(FunSuite.scala:1555)
      at org.scalatest.FunSuiteLike$$anonfun$run$1.apply(FunSuiteLike.scala:212)
      at org.scalatest.FunSuiteLike$$anonfun$run$1.apply(FunSuiteLike.scala:212)
      at org.scalatest.SuperEngine.runImpl(Engine.scala:545)
      at org.scalatest.FunSuiteLike$class.run(FunSuiteLike.scala:212)
      at org.scalatest.FunSuite.run(FunSuite.scala:1555)
      at org.scalatest.tools.Framework.org$scalatest$tools$Framework$$runSuite(Framework.scala:357)
      at org.scalatest.tools.Framework$ScalaTestTask.execute(Framework.scala:502)
      at sbt.TestRunner.runTest$1(TestFramework.scala:76)
      at sbt.TestRunner.run(TestFramework.scala:85)
      at sbt.TestFramework$$anon$2$$anonfun$$init$$1$$anonfun$apply$8.apply(TestFramework.scala:202)
      at sbt.TestFramework$$anon$2$$anonfun$$init$$1$$anonfun$apply$8.apply(TestFramework.scala:202)
      at sbt.TestFramework$.sbt$TestFramework$$withContextLoader(TestFramework.scala:185)
      at sbt.TestFramework$$anon$2$$anonfun$$init$$1.apply(TestFramework.scala:202)
      at sbt.TestFramework$$anon$2$$anonfun$$init$$1.apply(TestFramework.scala:202)
      at sbt.TestFunction.apply(TestFramework.scala:207)
      at sbt.Tests$$anonfun$9.apply(Tests.scala:216)
      at sbt.Tests$$anonfun$9.apply(Tests.scala:216)
      at sbt.std.Transform$$anon$3$$anonfun$apply$2.apply(System.scala:44)
      at sbt.std.Transform$$anon$3$$anonfun$apply$2.apply(System.scala:44)
      at sbt.std.Transform$$anon$4.work(System.scala:63)
      at sbt.Execute$$anonfun$submit$1$$anonfun$apply$1.apply(Execute.scala:226)
      at sbt.Execute$$anonfun$submit$1$$anonfun$apply$1.apply(Execute.scala:226)
      at sbt.ErrorHandling$.wideConvert(ErrorHandling.scala:17)
      at sbt.Execute.work(Execute.scala:235)
      at sbt.Execute$$anonfun$submit$1.apply(Execute.scala:226)
      at sbt.Execute$$anonfun$submit$1.apply(Execute.scala:226)
      at sbt.ConcurrentRestrictions$$anon$4$$anonfun$1.apply(ConcurrentRestrictions.scala:159)
      at sbt.CompletionService$$anon$2.call(CompletionService.scala:28)
      at java.util.concurrent.FutureTask.run(FutureTask.java:266)
      at java.util.concurrent.Executors$RunnableAdapter.call(Executors.java:511)
      at java.util.concurrent.FutureTask.run(FutureTask.java:266)
      at java.util.concurrent.ThreadPoolExecutor.runWorker(ThreadPoolExecutor.java:1142)
      at java.util.concurrent.ThreadPoolExecutor$Worker.run(ThreadPoolExecutor.java:617)
      at java.lang.Thread.run(Thread.java:745)
</pre>

          </div>

        </td>

        <td class="passed">passed

        </td>

        <td class="passed">passed

        </td>

    </tr>

    <tr>
        <td>false</td>

        <td class="passed">passed

        </td>

        <td class="passed">passed

        </td>

        <td class="passed">passed

        </td>

        <td class="passed">passed

        </td>

        <td class="passed">passed

        </td>

        <td class="passed">passed

        </td>

        <td class="passed">passed

        </td>

        <td class="passed">passed

        </td>

        <td class="passed">passed

        </td>

    </tr>

    <tr>
        <td>foo.bar</td>

        <td class="passed">passed

        </td>

        <td class="passed">passed

        </td>

        <td class="passed">passed

        </td>

        <td class="passed">passed

        </td>

        <td class="passed">passed

        </td>

        <td class="passed">passed

        </td>

        <td class="failed">failed

          <div class="add-info">

              <div class="message">"$this->foo[()->bar()]" was not equal to "$this->foo[->bar]"</div>

              <pre class="trace">
      org.scalatest.exceptions.TestFailedException: &quot;$this-&gt;foo[()-&gt;bar()]&quot; was not equal to &quot;$this-&gt;foo[-&gt;bar]&quot;
      at org.scalatest.MatchersHelper$.newTestFailedException(MatchersHelper.scala:160)
      at org.scalatest.Matchers$ShouldMethodHelper$.shouldMatcher(Matchers.scala:6254)
      at org.scalatest.Matchers$AnyShouldWrapper.should(Matchers.scala:6288)
      at io.kaitai.struct.translators.TranslatorSpec$$anonfun$2$$anonfun$apply$3$$anonfun$apply$2.apply$mcV$sp(TranslatorSpec.scala:287)
      at io.kaitai.struct.translators.TranslatorSpec$$anonfun$2$$anonfun$apply$3$$anonfun$apply$2.apply(TranslatorSpec.scala:281)
      at io.kaitai.struct.translators.TranslatorSpec$$anonfun$2$$anonfun$apply$3$$anonfun$apply$2.apply(TranslatorSpec.scala:281)
      at org.scalatest.Transformer$$anonfun$apply$1.apply$mcV$sp(Transformer.scala:22)
      at org.scalatest.OutcomeOf$class.outcomeOf(OutcomeOf.scala:85)
      at org.scalatest.OutcomeOf$.outcomeOf(OutcomeOf.scala:104)
      at org.scalatest.Transformer.apply(Transformer.scala:22)
      at org.scalatest.Transformer.apply(Transformer.scala:20)
      at org.scalatest.FunSuiteLike$$anon$1.apply(FunSuiteLike.scala:166)
      at org.scalatest.Suite$class.withFixture(Suite.scala:1122)
      at org.scalatest.FunSuite.withFixture(FunSuite.scala:1555)
      at org.scalatest.FunSuiteLike$class.invokeWithFixture$1(FunSuiteLike.scala:163)
      at org.scalatest.FunSuiteLike$$anonfun$runTest$1.apply(FunSuiteLike.scala:175)
      at org.scalatest.FunSuiteLike$$anonfun$runTest$1.apply(FunSuiteLike.scala:175)
      at org.scalatest.SuperEngine.runTestImpl(Engine.scala:306)
      at org.scalatest.FunSuiteLike$class.runTest(FunSuiteLike.scala:175)
      at org.scalatest.FunSuite.runTest(FunSuite.scala:1555)
      at org.scalatest.FunSuiteLike$$anonfun$runTests$1.apply(FunSuiteLike.scala:208)
      at org.scalatest.FunSuiteLike$$anonfun$runTests$1.apply(FunSuiteLike.scala:208)
      at org.scalatest.SuperEngine$$anonfun$traverseSubNodes$1$1.apply(Engine.scala:413)
      at org.scalatest.SuperEngine$$anonfun$traverseSubNodes$1$1.apply(Engine.scala:401)
      at scala.collection.immutable.List.foreach(List.scala:381)
      at org.scalatest.SuperEngine.traverseSubNodes$1(Engine.scala:401)
      at org.scalatest.SuperEngine.org$scalatest$SuperEngine$$runTestsInBranch(Engine.scala:396)
      at org.scalatest.SuperEngine.runTestsImpl(Engine.scala:483)
      at org.scalatest.FunSuiteLike$class.runTests(FunSuiteLike.scala:208)
      at org.scalatest.FunSuite.runTests(FunSuite.scala:1555)
      at org.scalatest.Suite$class.run(Suite.scala:1424)
      at org.scalatest.FunSuite.org$scalatest$FunSuiteLike$$super$run(FunSuite.scala:1555)
      at org.scalatest.FunSuiteLike$$anonfun$run$1.apply(FunSuiteLike.scala:212)
      at org.scalatest.FunSuiteLike$$anonfun$run$1.apply(FunSuiteLike.scala:212)
      at org.scalatest.SuperEngine.runImpl(Engine.scala:545)
      at org.scalatest.FunSuiteLike$class.run(FunSuiteLike.scala:212)
      at org.scalatest.FunSuite.run(FunSuite.scala:1555)
      at org.scalatest.tools.Framework.org$scalatest$tools$Framework$$runSuite(Framework.scala:357)
      at org.scalatest.tools.Framework$ScalaTestTask.execute(Framework.scala:502)
      at sbt.TestRunner.runTest$1(TestFramework.scala:76)
      at sbt.TestRunner.run(TestFramework.scala:85)
      at sbt.TestFramework$$anon$2$$anonfun$$init$$1$$anonfun$apply$8.apply(TestFramework.scala:202)
      at sbt.TestFramework$$anon$2$$anonfun$$init$$1$$anonfun$apply$8.apply(TestFramework.scala:202)
      at sbt.TestFramework$.sbt$TestFramework$$withContextLoader(TestFramework.scala:185)
      at sbt.TestFramework$$anon$2$$anonfun$$init$$1.apply(TestFramework.scala:202)
      at sbt.TestFramework$$anon$2$$anonfun$$init$$1.apply(TestFramework.scala:202)
      at sbt.TestFunction.apply(TestFramework.scala:207)
      at sbt.Tests$$anonfun$9.apply(Tests.scala:216)
      at sbt.Tests$$anonfun$9.apply(Tests.scala:216)
      at sbt.std.Transform$$anon$3$$anonfun$apply$2.apply(System.scala:44)
      at sbt.std.Transform$$anon$3$$anonfun$apply$2.apply(System.scala:44)
      at sbt.std.Transform$$anon$4.work(System.scala:63)
      at sbt.Execute$$anonfun$submit$1$$anonfun$apply$1.apply(Execute.scala:226)
      at sbt.Execute$$anonfun$submit$1$$anonfun$apply$1.apply(Execute.scala:226)
      at sbt.ErrorHandling$.wideConvert(ErrorHandling.scala:17)
      at sbt.Execute.work(Execute.scala:235)
      at sbt.Execute$$anonfun$submit$1.apply(Execute.scala:226)
      at sbt.Execute$$anonfun$submit$1.apply(Execute.scala:226)
      at sbt.ConcurrentRestrictions$$anon$4$$anonfun$1.apply(ConcurrentRestrictions.scala:159)
      at sbt.CompletionService$$anon$2.call(CompletionService.scala:28)
      at java.util.concurrent.FutureTask.run(FutureTask.java:266)
      at java.util.concurrent.Executors$RunnableAdapter.call(Executors.java:511)
      at java.util.concurrent.FutureTask.run(FutureTask.java:266)
      at java.util.concurrent.ThreadPoolExecutor.runWorker(ThreadPoolExecutor.java:1142)
      at java.util.concurrent.ThreadPoolExecutor$Worker.run(ThreadPoolExecutor.java:617)
      at java.lang.Thread.run(Thread.java:745)
</pre>

          </div>

        </td>

        <td class="passed">passed

        </td>

        <td class="passed">passed

        </td>

    </tr>

    <tr>
        <td>foo.inner.baz</td>

        <td class="passed">passed

        </td>

        <td class="passed">passed

        </td>

        <td class="passed">passed

        </td>

        <td class="passed">passed

        </td>

        <td class="passed">passed

        </td>

        <td class="passed">passed

        </td>

        <td class="failed">failed

          <div class="add-info">

              <div class="message">"$this->foo[()->inner()->baz()]" was not equal to "$this->foo[->inner->baz]"</div>

              <pre class="trace">
      org.scalatest.exceptions.TestFailedException: &quot;$this-&gt;foo[()-&gt;inner()-&gt;baz()]&quot; was not equal to &quot;$this-&gt;foo[-&gt;inner-&gt;baz]&quot;
      at org.scalatest.MatchersHelper$.newTestFailedException(MatchersHelper.scala:160)
      at org.scalatest.Matchers$ShouldMethodHelper$.shouldMatcher(Matchers.scala:6254)
      at org.scalatest.Matchers$AnyShouldWrapper.should(Matchers.scala:6288)
      at io.kaitai.struct.translators.TranslatorSpec$$anonfun$2$$anonfun$apply$3$$anonfun$apply$2.apply$mcV$sp(TranslatorSpec.scala:287)
      at io.kaitai.struct.translators.TranslatorSpec$$anonfun$2$$anonfun$apply$3$$anonfun$apply$2.apply(TranslatorSpec.scala:281)
      at io.kaitai.struct.translators.TranslatorSpec$$anonfun$2$$anonfun$apply$3$$anonfun$apply$2.apply(TranslatorSpec.scala:281)
      at org.scalatest.Transformer$$anonfun$apply$1.apply$mcV$sp(Transformer.scala:22)
      at org.scalatest.OutcomeOf$class.outcomeOf(OutcomeOf.scala:85)
      at org.scalatest.OutcomeOf$.outcomeOf(OutcomeOf.scala:104)
      at org.scalatest.Transformer.apply(Transformer.scala:22)
      at org.scalatest.Transformer.apply(Transformer.scala:20)
      at org.scalatest.FunSuiteLike$$anon$1.apply(FunSuiteLike.scala:166)
      at org.scalatest.Suite$class.withFixture(Suite.scala:1122)
      at org.scalatest.FunSuite.withFixture(FunSuite.scala:1555)
      at org.scalatest.FunSuiteLike$class.invokeWithFixture$1(FunSuiteLike.scala:163)
      at org.scalatest.FunSuiteLike$$anonfun$runTest$1.apply(FunSuiteLike.scala:175)
      at org.scalatest.FunSuiteLike$$anonfun$runTest$1.apply(FunSuiteLike.scala:175)
      at org.scalatest.SuperEngine.runTestImpl(Engine.scala:306)
      at org.scalatest.FunSuiteLike$class.runTest(FunSuiteLike.scala:175)
      at org.scalatest.FunSuite.runTest(FunSuite.scala:1555)
      at org.scalatest.FunSuiteLike$$anonfun$runTests$1.apply(FunSuiteLike.scala:208)
      at org.scalatest.FunSuiteLike$$anonfun$runTests$1.apply(FunSuiteLike.scala:208)
      at org.scalatest.SuperEngine$$anonfun$traverseSubNodes$1$1.apply(Engine.scala:413)
      at org.scalatest.SuperEngine$$anonfun$traverseSubNodes$1$1.apply(Engine.scala:401)
      at scala.collection.immutable.List.foreach(List.scala:381)
      at org.scalatest.SuperEngine.traverseSubNodes$1(Engine.scala:401)
      at org.scalatest.SuperEngine.org$scalatest$SuperEngine$$runTestsInBranch(Engine.scala:396)
      at org.scalatest.SuperEngine.runTestsImpl(Engine.scala:483)
      at org.scalatest.FunSuiteLike$class.runTests(FunSuiteLike.scala:208)
      at org.scalatest.FunSuite.runTests(FunSuite.scala:1555)
      at org.scalatest.Suite$class.run(Suite.scala:1424)
      at org.scalatest.FunSuite.org$scalatest$FunSuiteLike$$super$run(FunSuite.scala:1555)
      at org.scalatest.FunSuiteLike$$anonfun$run$1.apply(FunSuiteLike.scala:212)
      at org.scalatest.FunSuiteLike$$anonfun$run$1.apply(FunSuiteLike.scala:212)
      at org.scalatest.SuperEngine.runImpl(Engine.scala:545)
      at org.scalatest.FunSuiteLike$class.run(FunSuiteLike.scala:212)
      at org.scalatest.FunSuite.run(FunSuite.scala:1555)
      at org.scalatest.tools.Framework.org$scalatest$tools$Framework$$runSuite(Framework.scala:357)
      at org.scalatest.tools.Framework$ScalaTestTask.execute(Framework.scala:502)
      at sbt.TestRunner.runTest$1(TestFramework.scala:76)
      at sbt.TestRunner.run(TestFramework.scala:85)
      at sbt.TestFramework$$anon$2$$anonfun$$init$$1$$anonfun$apply$8.apply(TestFramework.scala:202)
      at sbt.TestFramework$$anon$2$$anonfun$$init$$1$$anonfun$apply$8.apply(TestFramework.scala:202)
      at sbt.TestFramework$.sbt$TestFramework$$withContextLoader(TestFramework.scala:185)
      at sbt.TestFramework$$anon$2$$anonfun$$init$$1.apply(TestFramework.scala:202)
      at sbt.TestFramework$$anon$2$$anonfun$$init$$1.apply(TestFramework.scala:202)
      at sbt.TestFunction.apply(TestFramework.scala:207)
      at sbt.Tests$$anonfun$9.apply(Tests.scala:216)
      at sbt.Tests$$anonfun$9.apply(Tests.scala:216)
      at sbt.std.Transform$$anon$3$$anonfun$apply$2.apply(System.scala:44)
      at sbt.std.Transform$$anon$3$$anonfun$apply$2.apply(System.scala:44)
      at sbt.std.Transform$$anon$4.work(System.scala:63)
      at sbt.Execute$$anonfun$submit$1$$anonfun$apply$1.apply(Execute.scala:226)
      at sbt.Execute$$anonfun$submit$1$$anonfun$apply$1.apply(Execute.scala:226)
      at sbt.ErrorHandling$.wideConvert(ErrorHandling.scala:17)
      at sbt.Execute.work(Execute.scala:235)
      at sbt.Execute$$anonfun$submit$1.apply(Execute.scala:226)
      at sbt.Execute$$anonfun$submit$1.apply(Execute.scala:226)
      at sbt.ConcurrentRestrictions$$anon$4$$anonfun$1.apply(ConcurrentRestrictions.scala:159)
      at sbt.CompletionService$$anon$2.call(CompletionService.scala:28)
      at java.util.concurrent.FutureTask.run(FutureTask.java:266)
      at java.util.concurrent.Executors$RunnableAdapter.call(Executors.java:511)
      at java.util.concurrent.FutureTask.run(FutureTask.java:266)
      at java.util.concurrent.ThreadPoolExecutor.runWorker(ThreadPoolExecutor.java:1142)
      at java.util.concurrent.ThreadPoolExecutor$Worker.run(ThreadPoolExecutor.java:617)
      at java.lang.Thread.run(Thread.java:745)
</pre>

          </div>

        </td>

        <td class="passed">passed

        </td>

        <td class="passed">passed

        </td>

    </tr>

    <tr>
        <td>foo_block</td>

        <td class="passed">passed

        </td>

        <td class="passed">passed

        </td>

        <td class="passed">passed

        </td>

        <td class="passed">passed

        </td>

        <td class="passed">passed

        </td>

        <td class="passed">passed

        </td>

        <td class="failed">failed

          <div class="add-info">

              <div class="message">"$this->fooBlock[()]" was not equal to "$this->fooBlock[]"</div>

              <pre class="trace">
      org.scalatest.exceptions.TestFailedException: &quot;$this-&gt;fooBlock[()]&quot; was not equal to &quot;$this-&gt;fooBlock[]&quot;
      at org.scalatest.MatchersHelper$.newTestFailedException(MatchersHelper.scala:160)
      at org.scalatest.Matchers$ShouldMethodHelper$.shouldMatcher(Matchers.scala:6254)
      at org.scalatest.Matchers$AnyShouldWrapper.should(Matchers.scala:6288)
      at io.kaitai.struct.translators.TranslatorSpec$$anonfun$2$$anonfun$apply$3$$anonfun$apply$2.apply$mcV$sp(TranslatorSpec.scala:287)
      at io.kaitai.struct.translators.TranslatorSpec$$anonfun$2$$anonfun$apply$3$$anonfun$apply$2.apply(TranslatorSpec.scala:281)
      at io.kaitai.struct.translators.TranslatorSpec$$anonfun$2$$anonfun$apply$3$$anonfun$apply$2.apply(TranslatorSpec.scala:281)
      at org.scalatest.Transformer$$anonfun$apply$1.apply$mcV$sp(Transformer.scala:22)
      at org.scalatest.OutcomeOf$class.outcomeOf(OutcomeOf.scala:85)
      at org.scalatest.OutcomeOf$.outcomeOf(OutcomeOf.scala:104)
      at org.scalatest.Transformer.apply(Transformer.scala:22)
      at org.scalatest.Transformer.apply(Transformer.scala:20)
      at org.scalatest.FunSuiteLike$$anon$1.apply(FunSuiteLike.scala:166)
      at org.scalatest.Suite$class.withFixture(Suite.scala:1122)
      at org.scalatest.FunSuite.withFixture(FunSuite.scala:1555)
      at org.scalatest.FunSuiteLike$class.invokeWithFixture$1(FunSuiteLike.scala:163)
      at org.scalatest.FunSuiteLike$$anonfun$runTest$1.apply(FunSuiteLike.scala:175)
      at org.scalatest.FunSuiteLike$$anonfun$runTest$1.apply(FunSuiteLike.scala:175)
      at org.scalatest.SuperEngine.runTestImpl(Engine.scala:306)
      at org.scalatest.FunSuiteLike$class.runTest(FunSuiteLike.scala:175)
      at org.scalatest.FunSuite.runTest(FunSuite.scala:1555)
      at org.scalatest.FunSuiteLike$$anonfun$runTests$1.apply(FunSuiteLike.scala:208)
      at org.scalatest.FunSuiteLike$$anonfun$runTests$1.apply(FunSuiteLike.scala:208)
      at org.scalatest.SuperEngine$$anonfun$traverseSubNodes$1$1.apply(Engine.scala:413)
      at org.scalatest.SuperEngine$$anonfun$traverseSubNodes$1$1.apply(Engine.scala:401)
      at scala.collection.immutable.List.foreach(List.scala:381)
      at org.scalatest.SuperEngine.traverseSubNodes$1(Engine.scala:401)
      at org.scalatest.SuperEngine.org$scalatest$SuperEngine$$runTestsInBranch(Engine.scala:396)
      at org.scalatest.SuperEngine.runTestsImpl(Engine.scala:483)
      at org.scalatest.FunSuiteLike$class.runTests(FunSuiteLike.scala:208)
      at org.scalatest.FunSuite.runTests(FunSuite.scala:1555)
      at org.scalatest.Suite$class.run(Suite.scala:1424)
      at org.scalatest.FunSuite.org$scalatest$FunSuiteLike$$super$run(FunSuite.scala:1555)
      at org.scalatest.FunSuiteLike$$anonfun$run$1.apply(FunSuiteLike.scala:212)
      at org.scalatest.FunSuiteLike$$anonfun$run$1.apply(FunSuiteLike.scala:212)
      at org.scalatest.SuperEngine.runImpl(Engine.scala:545)
      at org.scalatest.FunSuiteLike$class.run(FunSuiteLike.scala:212)
      at org.scalatest.FunSuite.run(FunSuite.scala:1555)
      at org.scalatest.tools.Framework.org$scalatest$tools$Framework$$runSuite(Framework.scala:357)
      at org.scalatest.tools.Framework$ScalaTestTask.execute(Framework.scala:502)
      at sbt.TestRunner.runTest$1(TestFramework.scala:76)
      at sbt.TestRunner.run(TestFramework.scala:85)
      at sbt.TestFramework$$anon$2$$anonfun$$init$$1$$anonfun$apply$8.apply(TestFramework.scala:202)
      at sbt.TestFramework$$anon$2$$anonfun$$init$$1$$anonfun$apply$8.apply(TestFramework.scala:202)
      at sbt.TestFramework$.sbt$TestFramework$$withContextLoader(TestFramework.scala:185)
      at sbt.TestFramework$$anon$2$$anonfun$$init$$1.apply(TestFramework.scala:202)
      at sbt.TestFramework$$anon$2$$anonfun$$init$$1.apply(TestFramework.scala:202)
      at sbt.TestFunction.apply(TestFramework.scala:207)
      at sbt.Tests$$anonfun$9.apply(Tests.scala:216)
      at sbt.Tests$$anonfun$9.apply(Tests.scala:216)
      at sbt.std.Transform$$anon$3$$anonfun$apply$2.apply(System.scala:44)
      at sbt.std.Transform$$anon$3$$anonfun$apply$2.apply(System.scala:44)
      at sbt.std.Transform$$anon$4.work(System.scala:63)
      at sbt.Execute$$anonfun$submit$1$$anonfun$apply$1.apply(Execute.scala:226)
      at sbt.Execute$$anonfun$submit$1$$anonfun$apply$1.apply(Execute.scala:226)
      at sbt.ErrorHandling$.wideConvert(ErrorHandling.scala:17)
      at sbt.Execute.work(Execute.scala:235)
      at sbt.Execute$$anonfun$submit$1.apply(Execute.scala:226)
      at sbt.Execute$$anonfun$submit$1.apply(Execute.scala:226)
      at sbt.ConcurrentRestrictions$$anon$4$$anonfun$1.apply(ConcurrentRestrictions.scala:159)
      at sbt.CompletionService$$anon$2.call(CompletionService.scala:28)
      at java.util.concurrent.FutureTask.run(FutureTask.java:266)
      at java.util.concurrent.Executors$RunnableAdapter.call(Executors.java:511)
      at java.util.concurrent.FutureTask.run(FutureTask.java:266)
      at java.util.concurrent.ThreadPoolExecutor.runWorker(ThreadPoolExecutor.java:1142)
      at java.util.concurrent.ThreadPoolExecutor$Worker.run(ThreadPoolExecutor.java:617)
      at java.lang.Thread.run(Thread.java:745)
</pre>

          </div>

        </td>

        <td class="passed">passed

        </td>

        <td class="passed">passed

        </td>

    </tr>

    <tr>
        <td>foo_str</td>

        <td class="passed">passed

        </td>

        <td class="passed">passed

        </td>

        <td class="passed">passed

        </td>

        <td class="passed">passed

        </td>

        <td class="passed">passed

        </td>

        <td class="passed">passed

        </td>

        <td class="failed">failed

          <div class="add-info">

              <div class="message">"$this->fooStr[()]" was not equal to "$this->fooStr[]"</div>

              <pre class="trace">
      org.scalatest.exceptions.TestFailedException: &quot;$this-&gt;fooStr[()]&quot; was not equal to &quot;$this-&gt;fooStr[]&quot;
      at org.scalatest.MatchersHelper$.newTestFailedException(MatchersHelper.scala:160)
      at org.scalatest.Matchers$ShouldMethodHelper$.shouldMatcher(Matchers.scala:6254)
      at org.scalatest.Matchers$AnyShouldWrapper.should(Matchers.scala:6288)
      at io.kaitai.struct.translators.TranslatorSpec$$anonfun$2$$anonfun$apply$3$$anonfun$apply$2.apply$mcV$sp(TranslatorSpec.scala:287)
      at io.kaitai.struct.translators.TranslatorSpec$$anonfun$2$$anonfun$apply$3$$anonfun$apply$2.apply(TranslatorSpec.scala:281)
      at io.kaitai.struct.translators.TranslatorSpec$$anonfun$2$$anonfun$apply$3$$anonfun$apply$2.apply(TranslatorSpec.scala:281)
      at org.scalatest.Transformer$$anonfun$apply$1.apply$mcV$sp(Transformer.scala:22)
      at org.scalatest.OutcomeOf$class.outcomeOf(OutcomeOf.scala:85)
      at org.scalatest.OutcomeOf$.outcomeOf(OutcomeOf.scala:104)
      at org.scalatest.Transformer.apply(Transformer.scala:22)
      at org.scalatest.Transformer.apply(Transformer.scala:20)
      at org.scalatest.FunSuiteLike$$anon$1.apply(FunSuiteLike.scala:166)
      at org.scalatest.Suite$class.withFixture(Suite.scala:1122)
      at org.scalatest.FunSuite.withFixture(FunSuite.scala:1555)
      at org.scalatest.FunSuiteLike$class.invokeWithFixture$1(FunSuiteLike.scala:163)
      at org.scalatest.FunSuiteLike$$anonfun$runTest$1.apply(FunSuiteLike.scala:175)
      at org.scalatest.FunSuiteLike$$anonfun$runTest$1.apply(FunSuiteLike.scala:175)
      at org.scalatest.SuperEngine.runTestImpl(Engine.scala:306)
      at org.scalatest.FunSuiteLike$class.runTest(FunSuiteLike.scala:175)
      at org.scalatest.FunSuite.runTest(FunSuite.scala:1555)
      at org.scalatest.FunSuiteLike$$anonfun$runTests$1.apply(FunSuiteLike.scala:208)
      at org.scalatest.FunSuiteLike$$anonfun$runTests$1.apply(FunSuiteLike.scala:208)
      at org.scalatest.SuperEngine$$anonfun$traverseSubNodes$1$1.apply(Engine.scala:413)
      at org.scalatest.SuperEngine$$anonfun$traverseSubNodes$1$1.apply(Engine.scala:401)
      at scala.collection.immutable.List.foreach(List.scala:381)
      at org.scalatest.SuperEngine.traverseSubNodes$1(Engine.scala:401)
      at org.scalatest.SuperEngine.org$scalatest$SuperEngine$$runTestsInBranch(Engine.scala:396)
      at org.scalatest.SuperEngine.runTestsImpl(Engine.scala:483)
      at org.scalatest.FunSuiteLike$class.runTests(FunSuiteLike.scala:208)
      at org.scalatest.FunSuite.runTests(FunSuite.scala:1555)
      at org.scalatest.Suite$class.run(Suite.scala:1424)
      at org.scalatest.FunSuite.org$scalatest$FunSuiteLike$$super$run(FunSuite.scala:1555)
      at org.scalatest.FunSuiteLike$$anonfun$run$1.apply(FunSuiteLike.scala:212)
      at org.scalatest.FunSuiteLike$$anonfun$run$1.apply(FunSuiteLike.scala:212)
      at org.scalatest.SuperEngine.runImpl(Engine.scala:545)
      at org.scalatest.FunSuiteLike$class.run(FunSuiteLike.scala:212)
      at org.scalatest.FunSuite.run(FunSuite.scala:1555)
      at org.scalatest.tools.Framework.org$scalatest$tools$Framework$$runSuite(Framework.scala:357)
      at org.scalatest.tools.Framework$ScalaTestTask.execute(Framework.scala:502)
      at sbt.TestRunner.runTest$1(TestFramework.scala:76)
      at sbt.TestRunner.run(TestFramework.scala:85)
      at sbt.TestFramework$$anon$2$$anonfun$$init$$1$$anonfun$apply$8.apply(TestFramework.scala:202)
      at sbt.TestFramework$$anon$2$$anonfun$$init$$1$$anonfun$apply$8.apply(TestFramework.scala:202)
      at sbt.TestFramework$.sbt$TestFramework$$withContextLoader(TestFramework.scala:185)
      at sbt.TestFramework$$anon$2$$anonfun$$init$$1.apply(TestFramework.scala:202)
      at sbt.TestFramework$$anon$2$$anonfun$$init$$1.apply(TestFramework.scala:202)
      at sbt.TestFunction.apply(TestFramework.scala:207)
      at sbt.Tests$$anonfun$9.apply(Tests.scala:216)
      at sbt.Tests$$anonfun$9.apply(Tests.scala:216)
      at sbt.std.Transform$$anon$3$$anonfun$apply$2.apply(System.scala:44)
      at sbt.std.Transform$$anon$3$$anonfun$apply$2.apply(System.scala:44)
      at sbt.std.Transform$$anon$4.work(System.scala:63)
      at sbt.Execute$$anonfun$submit$1$$anonfun$apply$1.apply(Execute.scala:226)
      at sbt.Execute$$anonfun$submit$1$$anonfun$apply$1.apply(Execute.scala:226)
      at sbt.ErrorHandling$.wideConvert(ErrorHandling.scala:17)
      at sbt.Execute.work(Execute.scala:235)
      at sbt.Execute$$anonfun$submit$1.apply(Execute.scala:226)
      at sbt.Execute$$anonfun$submit$1.apply(Execute.scala:226)
      at sbt.ConcurrentRestrictions$$anon$4$$anonfun$1.apply(ConcurrentRestrictions.scala:159)
      at sbt.CompletionService$$anon$2.call(CompletionService.scala:28)
      at java.util.concurrent.FutureTask.run(FutureTask.java:266)
      at java.util.concurrent.Executors$RunnableAdapter.call(Executors.java:511)
      at java.util.concurrent.FutureTask.run(FutureTask.java:266)
      at java.util.concurrent.ThreadPoolExecutor.runWorker(ThreadPoolExecutor.java:1142)
      at java.util.concurrent.ThreadPoolExecutor$Worker.run(ThreadPoolExecutor.java:617)
      at java.lang.Thread.run(Thread.java:745)
</pre>

          </div>

        </td>

        <td class="passed">passed

        </td>

        <td class="passed">passed

        </td>

    </tr>

    <tr>
        <td>true</td>

        <td class="passed">passed

        </td>

        <td class="passed">passed

        </td>

        <td class="passed">passed

        </td>

        <td class="passed">passed

        </td>

        <td class="passed">passed

        </td>

        <td class="passed">passed

        </td>

        <td class="passed">passed

        </td>

        <td class="passed">passed

        </td>

        <td class="passed">passed

        </td>

    </tr>

    <tr>
        <td>~(7+3)</td>

        <td class="passed">passed

        </td>

        <td class="passed">passed

        </td>

        <td class="passed">passed

        </td>

        <td class="passed">passed

        </td>

        <td class="passed">passed

        </td>

        <td class="passed">passed

        </td>

        <td class="passed">passed

        </td>

        <td class="passed">passed

        </td>

        <td class="passed">passed

        </td>

    </tr>

    <tr>
        <td>~777</td>

        <td class="passed">passed

        </td>

        <td class="passed">passed

        </td>

        <td class="passed">passed

        </td>

        <td class="passed">passed

        </td>

        <td class="passed">passed

        </td>

        <td class="passed">passed

        </td>

        <td class="passed">passed

        </td>

        <td class="passed">passed

        </td>

        <td class="passed">passed

        </td>

    </tr>

    <tr>
        <th colspan="10" class="section">
            KSY compilation
        </th>
    </tr>

    <tr>
        <th>% passed</th>

        <td></td>

        <td>86%</td>

        <td>97%</td>

        <td>97%</td>

        <td>93%</td>

        <td>88%</td>

        <td>44%</td>

        <td>95%</td>

        <td>97%</td>

    </tr>


    <tr>
        <td>BufferedStruct</td>

        <td></td>

        <td class="passed">passed

        </td>

        <td class="passed">passed

        </td>

        <td class="passed">passed

        </td>

        <td class="passed">passed

        </td>

        <td class="passed">passed

        </td>

        <td class="passed">passed

        </td>

        <td class="passed">passed

        </td>

        <td class="passed">passed

        </td>

    </tr>

    <tr>
        <td>DefaultBigEndian</td>

        <td></td>

        <td class="passed">passed

        </td>

        <td class="passed">passed

        </td>

        <td class="passed">passed

        </td>

        <td class="passed">passed

        </td>

        <td class="passed">passed

        </td>

        <td class="passed">passed

        </td>

        <td class="passed">passed

        </td>

        <td class="passed">passed

        </td>

    </tr>

    <tr>
        <td>Enum0</td>

        <td></td>

        <td class="no-run">didn't run</td>

        <td class="passed">passed

        </td>

        <td class="passed">passed

        </td>

        <td class="passed">passed

        </td>

        <td class="passed">passed

        </td>

        <td class="failed">failed

          <div class="add-info">

              <div class="message"></div>

              <pre class="trace">Kaitai\Struct\Tests\Enum0Test::testEnum0
ParseError: syntax error, unexpected 'enum' (T_STRING), expecting variable (T_VARIABLE)

/home/travis/build/kaitai-io/kaitai_struct/tests/compiled/php/Enum0.php:21
/home/travis/build/kaitai-io/kaitai_struct/tests/spec/php/Enum0Test.php:6
</pre>

          </div>

        </td>

        <td class="passed">passed

        </td>

        <td class="passed">passed

        </td>

    </tr>

    <tr>
        <td>EnumIf</td>

        <td></td>

        <td class="no-run">didn't run</td>

        <td class="passed">passed

        </td>

        <td class="passed">passed

        </td>

        <td class="passed">passed

        </td>

        <td class="passed">passed

        </td>

        <td class="failed">failed

          <div class="add-info">

              <div class="message"></div>

              <pre class="trace">Kaitai\Struct\Tests\EnumIfTest::testEnumIf
ParseError: syntax error, unexpected identifier (T_STRING), expecting variable (T_VARIABLE)

/home/travis/build/kaitai-io/kaitai_struct/tests/compiled/php/EnumIf.php:24
/home/travis/build/kaitai-io/kaitai_struct/tests/spec/php/EnumIfTest.php:6
</pre>

          </div>

        </td>

        <td class="passed">passed

        </td>

        <td class="passed">passed

        </td>

    </tr>

    <tr>
        <td>EofExceptionBytes</td>

        <td></td>

        <td class="passed">passed

        </td>

        <td class="passed">passed

        </td>

        <td class="passed">passed

        </td>

        <td class="passed">passed

        </td>

        <td class="passed">passed

        </td>

        <td class="passed">passed

        </td>

        <td class="passed">passed

        </td>

        <td class="passed">passed

        </td>

    </tr>

    <tr>
        <td>Expr0</td>

        <td></td>

        <td class="passed">passed

        </td>

        <td class="passed">passed

        </td>

        <td class="passed">passed

        </td>

        <td class="passed">passed

        </td>

        <td class="passed">passed

        </td>

        <td class="passed">passed

        </td>

        <td class="passed">passed

        </td>

        <td class="passed">passed

        </td>

    </tr>

    <tr>
        <td>Expr1</td>

        <td></td>

        <td class="passed">passed

        </td>

        <td class="passed">passed

        </td>

        <td class="passed">passed

        </td>

        <td class="passed">passed

        </td>

        <td class="passed">passed

        </td>

        <td class="failed">failed

          <div class="add-info">

              <div class="message"></div>

              <pre class="trace">Kaitai\Struct\Tests\Expr1Test::testExpr1
Failed asserting that 10 matches expected 0.

/home/travis/build/kaitai-io/kaitai_struct/tests/spec/php/Expr1Test.php:8
</pre>

          </div>

        </td>

        <td class="passed">passed

        </td>

        <td class="passed">passed

        </td>

    </tr>

    <tr>
        <td>Expr2</td>

        <td></td>

        <td class="passed">passed

        </td>

        <td class="passed">passed

        </td>

        <td class="passed">passed

        </td>

        <td class="passed">passed

        </td>

        <td class="passed">passed

        </td>

        <td class="passed">passed

        </td>

        <td class="passed">passed

        </td>

        <td class="passed">passed

        </td>

    </tr>

    <tr>
        <td>FixedStruct</td>

        <td></td>

        <td class="passed">passed

        </td>

        <td class="passed">passed

        </td>

        <td class="passed">passed

        </td>

        <td class="passed">passed

        </td>

        <td class="passed">passed

        </td>

        <td class="passed">passed

        </td>

        <td class="passed">passed

        </td>

        <td class="passed">passed

        </td>

    </tr>

    <tr>
        <td>FloatingPoints</td>

        <td></td>

        <td class="passed">passed

        </td>

        <td class="passed">passed

        </td>

        <td class="passed">passed

        </td>

        <td class="passed">passed

        </td>

        <td class="passed">passed

        </td>

        <td class="failed">failed

          <div class="add-info">

              <div class="message"></div>

              <pre class="trace">Kaitai\Struct\Tests\FloatingPointsTest::testFloatingPoints
RuntimeException: Not implemented yet

/home/travis/build/kaitai-io/kaitai_struct/runtime/php/lib/Kaitai/Struct/Stream.php:190
/home/travis/build/kaitai-io/kaitai_struct/tests/compiled/php/FloatingPoints.php:13
/home/travis/build/kaitai-io/kaitai_struct/tests/compiled/php/FloatingPoints.php:10
/home/travis/build/kaitai-io/kaitai_struct/runtime/php/lib/Kaitai/Struct/Struct.php:18
/home/travis/build/kaitai-io/kaitai_struct/tests/spec/php/FloatingPointsTest.php:6
</pre>

          </div>

        </td>

        <td class="passed">passed

        </td>

        <td class="passed">passed

        </td>

    </tr>

    <tr>
        <td>HelloWorld</td>

        <td></td>

        <td class="passed">passed

        </td>

        <td class="passed">passed

        </td>

        <td class="passed">passed

        </td>

        <td class="passed">passed

        </td>

        <td class="passed">passed

        </td>

        <td class="passed">passed

        </td>

        <td class="passed">passed

        </td>

        <td class="passed">passed

        </td>

    </tr>

    <tr>
        <td>IfStruct</td>

        <td></td>

        <td class="passed">passed

        </td>

        <td class="passed">passed

        </td>

        <td class="passed">passed

        </td>

        <td class="passed">passed

        </td>

        <td class="passed">passed

        </td>

        <td class="passed">passed

        </td>

        <td class="passed">passed

        </td>

        <td class="passed">passed

        </td>

    </tr>

    <tr>
        <td>InstanceIoUser</td>

        <td></td>

        <td class="passed">passed

        </td>

        <td class="passed">passed

        </td>

        <td class="passed">passed

        </td>

        <td class="passed">passed

        </td>

        <td class="passed">passed

        </td>

        <td class="failed">failed

          <div class="add-info">

              <div class="message"></div>

              <pre class="trace">Kaitai\Struct\Tests\InstanceIoUserTest::testInstanceIoUser
Error: Call to undefined method Kaitai\Struct\Tests\InstanceIoUser\StringsObj::_io()

/home/travis/build/kaitai-io/kaitai_struct/tests/compiled/php/InstanceIoUser.php:49
/home/travis/build/kaitai-io/kaitai_struct/tests/spec/php/InstanceIoUserTest.php:10
</pre>

          </div>

        </td>

        <td class="passed">passed

        </td>

        <td class="passed">passed

        </td>

    </tr>

    <tr>
        <td>InstanceStd</td>

        <td></td>

        <td class="passed">passed

        </td>

        <td class="passed">passed

        </td>

        <td class="passed">passed

        </td>

        <td class="passed">passed

        </td>

        <td class="passed">passed

        </td>

        <td class="passed">passed

        </td>

        <td class="passed">passed

        </td>

        <td class="passed">passed

        </td>

    </tr>

    <tr>
        <td>InstanceStdArray</td>

        <td></td>

        <td class="passed">passed

        </td>

        <td class="passed">passed

        </td>

        <td class="passed">passed

        </td>

        <td class="passed">passed

        </td>

        <td class="passed">passed

        </td>

        <td class="passed">passed

        </td>

        <td class="passed">passed

        </td>

        <td class="passed">passed

        </td>

    </tr>

    <tr>
        <td>InstanceUserArray</td>

        <td></td>

        <td class="passed">passed

        </td>

        <td class="passed">passed

        </td>

        <td class="passed">passed

        </td>

        <td class="passed">passed

        </td>

        <td class="passed">passed

        </td>

        <td class="failed">failed

          <div class="add-info">

              <div class="message"></div>

              <pre class="trace">Kaitai\Struct\Tests\InstanceUserArrayTest::testInstanceUserArray
Error: Call to undefined function Kaitai\Struct\Tests\get()

/home/travis/build/kaitai-io/kaitai_struct/tests/compiled/php/InstanceUserArray.php:29
/home/travis/build/kaitai-io/kaitai_struct/tests/spec/php/InstanceUserArrayTest.php:12
</pre>

          </div>

        </td>

        <td class="passed">passed

        </td>

        <td class="passed">passed

        </td>

    </tr>

    <tr>
        <td>MultipleUse</td>

        <td></td>

        <td class="passed">passed

        </td>

        <td class="passed">passed

        </td>

        <td class="passed">passed

        </td>

        <td class="passed">passed

        </td>

        <td class="passed">passed

        </td>

        <td class="passed">passed

        </td>

        <td class="passed">passed

        </td>

        <td class="passed">passed

        </td>

    </tr>

    <tr>
        <td>NavParent</td>

        <td></td>

        <td class="passed">passed

        </td>

        <td class="passed">passed

        </td>

        <td class="passed">passed

        </td>

        <td class="passed">passed

        </td>

        <td class="passed">passed

        </td>

        <td class="failed">failed

          <div class="add-info">

              <div class="message"></div>

              <pre class="trace">Kaitai\Struct\Tests\NavParentTest::testNavParent
Error: Call to a member function size() on array

/home/travis/build/kaitai-io/kaitai_struct/tests/spec/php/NavParentTest.php:11
</pre>

          </div>

        </td>

        <td class="passed">passed

        </td>

        <td class="passed">passed

        </td>

    </tr>

    <tr>
        <td>NavRoot</td>

        <td></td>

        <td class="passed">passed

        </td>

        <td class="passed">passed

        </td>

        <td class="passed">passed

        </td>

        <td class="passed">passed

        </td>

        <td class="passed">passed

        </td>

        <td class="failed">failed

          <div class="add-info">

              <div class="message"></div>

              <pre class="trace">Kaitai\Struct\Tests\NavRootTest::testNavRoot
Error: Call to a member function size() on array

/home/travis/build/kaitai-io/kaitai_struct/tests/spec/php/NavRootTest.php:11
</pre>

          </div>

        </td>

        <td class="passed">passed

        </td>

        <td class="passed">passed

        </td>

    </tr>

    <tr>
        <td>NestedTypes</td>

        <td></td>

        <td class="passed">passed

        </td>

        <td class="passed">passed

        </td>

        <td class="passed">passed

        </td>

        <td class="passed">passed

        </td>

        <td class="passed">passed

        </td>

        <td class="passed">passed

        </td>

        <td class="passed">passed

        </td>

        <td class="passed">passed

        </td>

    </tr>

    <tr>
        <td>NestedTypes2</td>

        <td></td>

        <td class="passed">passed

        </td>

        <td class="passed">passed

        </td>

        <td class="passed">passed

        </td>

        <td class="passed">passed

        </td>

        <td class="passed">passed

        </td>

        <td class="passed">passed

        </td>

        <td class="passed">passed

        </td>

        <td class="passed">passed

        </td>

    </tr>

    <tr>
        <td>PositionAbs</td>

        <td></td>

        <td class="passed">passed

        </td>

        <td class="passed">passed

        </td>

        <td class="passed">passed

        </td>

        <td class="passed">passed

        </td>

        <td class="passed">passed

        </td>

        <td class="passed">passed

        </td>

        <td class="passed">passed

        </td>

        <td class="passed">passed

        </td>

    </tr>

    <tr>
        <td>PositionInSeq</td>

        <td></td>

        <td class="passed">passed

        </td>

        <td class="passed">passed

        </td>

        <td class="passed">passed

        </td>

        <td class="passed">passed

        </td>

        <td class="passed">passed

        </td>

        <td class="passed">passed

        </td>

        <td class="passed">passed

        </td>

        <td class="passed">passed

        </td>

    </tr>

    <tr>
        <td>PositionToEnd</td>

        <td></td>

        <td class="passed">passed

        </td>

        <td class="passed">passed

        </td>

        <td class="passed">passed

        </td>

        <td class="passed">passed

        </td>

        <td class="passed">passed

        </td>

        <td class="failed">failed

          <div class="add-info">

              <div class="message"></div>

              <pre class="trace">Kaitai\Struct\Tests\PositionToEndTest::testPositionToEnd
Error: Call to undefined method Kaitai\Struct\Tests\PositionToEnd::_io()

/home/travis/build/kaitai-io/kaitai_struct/tests/compiled/php/PositionToEnd.php:19
/home/travis/build/kaitai-io/kaitai_struct/tests/spec/php/PositionToEndTest.php:7
</pre>

          </div>

        </td>

        <td class="passed">passed

        </td>

        <td class="passed">passed

        </td>

    </tr>

    <tr>
        <td>ProcessRotate</td>

        <td></td>

        <td class="passed">passed

        </td>

        <td class="passed">passed

        </td>

        <td class="passed">passed

        </td>

        <td class="passed">passed

        </td>

        <td class="passed">passed

        </td>

        <td class="failed">failed

          <div class="add-info">

              <div class="message"></div>

              <pre class="trace">Kaitai\Struct\Tests\ProcessRotateTest::testProcessRotate
ParseError: syntax error, unexpected -&gt; (T_OBJECT_OPERATOR)

/home/travis/build/kaitai-io/kaitai_struct/tests/compiled/php/ProcessRotate.php:14
/home/travis/build/kaitai-io/kaitai_struct/tests/spec/php/ProcessRotateTest.php:6
</pre>

          </div>

        </td>

        <td class="passed">passed

        </td>

        <td class="passed">passed

        </td>

    </tr>

    <tr>
        <td>ProcessToUser</td>

        <td></td>

        <td class="passed">passed

        </td>

        <td class="passed">passed

        </td>

        <td class="passed">passed

        </td>

        <td class="passed">passed

        </td>

        <td class="passed">passed

        </td>

        <td class="failed">failed

          <div class="add-info">

              <div class="message"></div>

              <pre class="trace">Kaitai\Struct\Tests\ProcessToUserTest::testProcessToUser
ParseError: syntax error, unexpected -&gt; (T_OBJECT_OPERATOR)

/home/travis/build/kaitai-io/kaitai_struct/tests/compiled/php/ProcessToUser.php:14
/home/travis/build/kaitai-io/kaitai_struct/tests/spec/php/ProcessToUserTest.php:6
</pre>

          </div>

        </td>

        <td class="passed">passed

        </td>

        <td class="passed">passed

        </td>

    </tr>

    <tr>
        <td>ProcessXor4Const</td>

        <td></td>

        <td class="passed">passed

        </td>

        <td class="passed">passed

        </td>

        <td class="passed">passed

        </td>

        <td class="passed">passed

        </td>

        <td class="passed">passed

        </td>

        <td class="failed">failed

          <div class="add-info">

              <div class="message"></div>

              <pre class="trace">Kaitai\Struct\Tests\ProcessXor4ConstTest::testProcessXor4Const
ParseError: syntax error, unexpected -&gt; (T_OBJECT_OPERATOR)

/home/travis/build/kaitai-io/kaitai_struct/tests/compiled/php/ProcessXor4Const.php:15
/home/travis/build/kaitai-io/kaitai_struct/tests/spec/php/ProcessXor4ConstTest.php:6
</pre>

          </div>

        </td>

        <td class="passed">passed

        </td>

        <td class="passed">passed

        </td>

    </tr>

    <tr>
        <td>ProcessXor4Value</td>

        <td></td>

        <td class="passed">passed

        </td>

        <td class="passed">passed

        </td>

        <td class="passed">passed

        </td>

        <td class="passed">passed

        </td>

        <td class="passed">passed

        </td>

        <td class="failed">failed

          <div class="add-info">

              <div class="message"></div>

              <pre class="trace">Kaitai\Struct\Tests\ProcessXor4ValueTest::testProcessXor4Value
ParseError: syntax error, unexpected -&gt; (T_OBJECT_OPERATOR)

/home/travis/build/kaitai-io/kaitai_struct/tests/compiled/php/ProcessXor4Value.php:15
/home/travis/build/kaitai-io/kaitai_struct/tests/spec/php/ProcessXor4ValueTest.php:6
</pre>

          </div>

        </td>

        <td class="passed">passed

        </td>

        <td class="passed">passed

        </td>

    </tr>

    <tr>
        <td>ProcessXorConst</td>

        <td></td>

        <td class="passed">passed

        </td>

        <td class="passed">passed

        </td>

        <td class="passed">passed

        </td>

        <td class="passed">passed

        </td>

        <td class="passed">passed

        </td>

        <td class="failed">failed

          <div class="add-info">

              <div class="message"></div>

              <pre class="trace">Kaitai\Struct\Tests\ProcessXorConstTest::testProcessXorConst
ParseError: syntax error, unexpected -&gt; (T_OBJECT_OPERATOR)

/home/travis/build/kaitai-io/kaitai_struct/tests/compiled/php/ProcessXorConst.php:15
/home/travis/build/kaitai-io/kaitai_struct/tests/spec/php/ProcessXorConstTest.php:6
</pre>

          </div>

        </td>

        <td class="passed">passed

        </td>

        <td class="passed">passed

        </td>

    </tr>

    <tr>
        <td>ProcessXorValue</td>

        <td></td>

        <td class="passed">passed

        </td>

        <td class="passed">passed

        </td>

        <td class="passed">passed

        </td>

        <td class="passed">passed

        </td>

        <td class="passed">passed

        </td>

        <td class="failed">failed

          <div class="add-info">

              <div class="message"></div>

              <pre class="trace">Kaitai\Struct\Tests\ProcessXorValueTest::testProcessXorValue
ParseError: syntax error, unexpected -&gt; (T_OBJECT_OPERATOR)

/home/travis/build/kaitai-io/kaitai_struct/tests/compiled/php/ProcessXorValue.php:15
/home/travis/build/kaitai-io/kaitai_struct/tests/spec/php/ProcessXorValueTest.php:6
</pre>

          </div>

        </td>

        <td class="passed">passed

        </td>

        <td class="passed">passed

        </td>

    </tr>

    <tr>
        <td>RepeatEosStruct</td>

        <td></td>

        <td class="passed">passed

        </td>

        <td class="passed">passed

        </td>

        <td class="passed">passed

        </td>

        <td class="passed">passed

        </td>

        <td class="passed">passed

        </td>

        <td class="failed">failed

          <div class="add-info">

              <div class="message"></div>

              <pre class="trace">Kaitai\Struct\Tests\RepeatEosStructTest::testRepeatEosStruct
Error: Call to a member function size() on array

/home/travis/build/kaitai-io/kaitai_struct/tests/spec/php/RepeatEosStructTest.php:8
</pre>

          </div>

        </td>

        <td class="passed">passed

        </td>

        <td class="passed">passed

        </td>

    </tr>

    <tr>
        <td>RepeatEosU4</td>

        <td></td>

        <td class="passed">passed

        </td>

        <td class="passed">passed

        </td>

        <td class="passed">passed

        </td>

        <td class="passed">passed

        </td>

        <td class="passed">passed

        </td>

        <td class="passed">passed

        </td>

        <td class="passed">passed

        </td>

        <td class="passed">passed

        </td>

    </tr>

    <tr>
        <td>RepeatNStruct</td>

        <td></td>

        <td class="passed">passed

        </td>

        <td class="passed">passed

        </td>

        <td class="passed">passed

        </td>

        <td class="passed">passed

        </td>

        <td class="passed">passed

        </td>

        <td class="failed">failed

          <div class="add-info">

              <div class="message"></div>

              <pre class="trace">Kaitai\Struct\Tests\RepeatNStructTest::testRepeatNStruct
Error: Call to a member function get() on array

/home/travis/build/kaitai-io/kaitai_struct/tests/spec/php/RepeatNStructTest.php:9
</pre>

          </div>

        </td>

        <td class="passed">passed

        </td>

        <td class="passed">passed

        </td>

    </tr>

    <tr>
        <td>RepeatNStrz</td>

        <td></td>

        <td class="passed">passed

        </td>

        <td class="passed">passed

        </td>

        <td class="passed">passed

        </td>

        <td class="passed">passed

        </td>

        <td class="passed">passed

        </td>

        <td class="passed">passed

        </td>

        <td class="passed">passed

        </td>

        <td class="passed">passed

        </td>

    </tr>

    <tr>
        <td>RepeatUntilComplex</td>

        <td></td>

        <td class="passed">passed

        </td>

        <td class="passed">passed

        </td>

        <td class="passed">passed

        </td>

        <td class="passed">passed

        </td>

        <td class="passed">passed

        </td>

        <td class="no-run">didn't run</td>

        <td class="passed">passed

        </td>

        <td class="passed">passed

        </td>

    </tr>

    <tr>
        <td>RepeatUntilS4</td>

        <td></td>

        <td class="passed">passed

        </td>

        <td class="passed">passed

        </td>

        <td class="passed">passed

        </td>

        <td class="passed">passed

        </td>

        <td class="passed">passed

        </td>

        <td class="passed">passed

        </td>

        <td class="passed">passed

        </td>

        <td class="passed">passed

        </td>

    </tr>

    <tr>
        <td>StrEncodings</td>

        <td></td>

        <td class="failed">failed

          <div class="add-info">

              <div class="filename">/home/travis/build/kaitai-io/kaitai_struct/tests/spec/cpp_stl/test_str_encodings.cpp:17</div>

              <div class="message">check r->str4() == "" failed [    != ]</div>

          </div>

        </td>

        <td class="passed">passed

        </td>

        <td class="passed">passed

        </td>

        <td class="failed">failed

          <div class="add-info">

              <div class="message"></div>

              <pre class="trace">Cannot find module 'iconv-lite'
Error: Cannot find module 'iconv-lite'
    at require (internal/module.js:20:19)
    at Function.KaitaiStream.arrayToString (/home/travis/build/kaitai-io/kaitai_struct/runtime/javascript/KaitaiStream.js:577:38)
    at Object.KaitaiStream.readStrByteLimit (/home/travis/build/kaitai-io/kaitai_struct/runtime/javascript/KaitaiStream.js:412:23)
    at new StrEncodings (compiled/javascript/StrEncodings.js:14:26)
    at helpers/javascript/testHelper.js:12:17
    at FSReqWrap.readFileAfterClose [as oncomplete] (fs.js:404:3)</pre>

          </div>

        </td>

        <td class="passed">passed

        </td>

        <td class="failed">failed

          <div class="add-info">

              <div class="message"></div>

              <pre class="trace">Kaitai\Struct\Tests\StrEncodingsTest::testStrEncodings
iconv(): Detected an illegal character in input string

/home/travis/build/kaitai-io/kaitai_struct/runtime/php/lib/Kaitai/Struct/Stream.php:327
/home/travis/build/kaitai-io/kaitai_struct/runtime/php/lib/Kaitai/Struct/Stream.php:237
/home/travis/build/kaitai-io/kaitai_struct/tests/compiled/php/StrEncodings.php:18
/home/travis/build/kaitai-io/kaitai_struct/tests/compiled/php/StrEncodings.php:10
/home/travis/build/kaitai-io/kaitai_struct/runtime/php/lib/Kaitai/Struct/Struct.php:18
/home/travis/build/kaitai-io/kaitai_struct/tests/spec/php/StrEncodingsTest.php:6
</pre>

          </div>

        </td>

        <td class="passed">passed

        </td>

        <td class="passed">passed

        </td>

    </tr>

    <tr>
        <td>StrEos</td>

        <td></td>

        <td class="passed">passed

        </td>

        <td class="passed">passed

        </td>

        <td class="passed">passed

        </td>

        <td class="passed">passed

        </td>

        <td class="passed">passed

        </td>

        <td class="passed">passed

        </td>

        <td class="passed">passed

        </td>

        <td class="passed">passed

        </td>

    </tr>

    <tr>
        <td>SwitchManualEnum</td>

        <td></td>

        <td class="no-run">didn't run</td>

        <td class="passed">passed

        </td>

        <td class="passed">passed

        </td>

        <td class="no-run">didn't run</td>

        <td class="failed">failed

          <div class="add-info">

              <div class="message">The test suite died before a plan was produced. You need to have a plan.</div>

              <pre class="trace">No plan</pre>

          </div>

        </td>

        <td class="no-run">didn't run</td>

        <td class="failed">failed

          <div class="add-info">

              <div class="message">SwitchManualEnum instance has no attribute 'CodeEnum'</div>

              <pre class="trace">

Traceback (most recent call last):
  File "/home/travis/build/kaitai-io/kaitai_struct/tests/spec/python/test_switch_manual_enum.py", line 7, in test_switch_manual_enum
    r = SwitchManualEnum.from_file("src/switch_opcodes.bin")
  File "/home/travis/build/kaitai-io/kaitai_struct/runtime/python/kaitaistruct/kaitaistruct.py", line 11, in from_file
    return cls(KaitaiStream(open(filename, 'rb')))
  File "/home/travis/build/kaitai-io/kaitai_struct/tests/compiled/python/switch_manual_enum.py", line 18, in __init__
    self.opcodes.append(self._root.Opcode(self._io, self, self._root))
  File "/home/travis/build/kaitai-io/kaitai_struct/tests/compiled/python/switch_manual_enum.py", line 26, in __init__
    self.code = self._root.CodeEnum(self._io.read_u1())
AttributeError: SwitchManualEnum instance has no attribute 'CodeEnum'

		</pre>

          </div>

        </td>

        <td class="passed">passed

        </td>

    </tr>

    <tr>
        <td>SwitchManualInt</td>

        <td></td>

        <td class="passed">passed

        </td>

        <td class="passed">passed

        </td>

        <td class="passed">passed

        </td>

        <td class="passed">passed

        </td>

        <td class="failed">failed

          <div class="add-info">

              <div class="message">The test suite died before a plan was produced. You need to have a plan.</div>

              <pre class="trace">No plan</pre>

          </div>

        </td>

        <td class="no-run">didn't run</td>

        <td class="passed">passed

        </td>

        <td class="passed">passed

        </td>

    </tr>

    <tr>
        <td>SwitchManualIntElse</td>

        <td></td>

        <td class="failed">failed

          <div class="add-info">

              <div class="filename">unknown location:0</div>

              <div class="message">std::exception: basic_ios::clear</div>

          </div>

        </td>

        <td class="no-run">didn't run</td>

        <td class="failed">failed

          <div class="add-info">

              <div class="message">../../src/switch_opcodes2.bin (No such file or directory)</div>

              <pre class="trace">
      
java.io.FileNotFoundException: ../../src/switch_opcodes2.bin (No such file or directory)
	at java.io.RandomAccessFile.open0(Native Method)
	at java.io.RandomAccessFile.open(RandomAccessFile.java:316)
	at java.io.RandomAccessFile.<init>(RandomAccessFile.java:243)
	at java.io.RandomAccessFile.<init>(RandomAccessFile.java:124)
	at io.kaitai.struct.KaitaiStream$RAFWrapper.<init>(KaitaiStream.java:536)
	at io.kaitai.struct.KaitaiStream.<init>(KaitaiStream.java:62)
	at io.kaitai.struct.testformats.SwitchManualIntElse.fromFile(SwitchManualIntElse.java:16)
	at io.kaitai.struct.spec.TestSwitchManualIntElse.testSwitchManualIntElse(TestSwitchManualIntElse.java:12)
	at sun.reflect.NativeMethodAccessorImpl.invoke0(Native Method)
	at sun.reflect.NativeMethodAccessorImpl.invoke(NativeMethodAccessorImpl.java:62)
	at sun.reflect.DelegatingMethodAccessorImpl.invoke(DelegatingMethodAccessorImpl.java:43)
	at java.lang.reflect.Method.invoke(Method.java:497)
	at org.testng.internal.MethodInvocationHelper.invokeMethod(MethodInvocationHelper.java:86)
	at org.testng.internal.Invoker.invokeMethod(Invoker.java:643)
	at org.testng.internal.Invoker.invokeTestMethod(Invoker.java:820)
	at org.testng.internal.Invoker.invokeTestMethods(Invoker.java:1128)
	at org.testng.internal.TestMethodWorker.invokeTestMethods(TestMethodWorker.java:129)
	at org.testng.internal.TestMethodWorker.run(TestMethodWorker.java:112)
	at org.testng.TestRunner.privateRun(TestRunner.java:782)
	at org.testng.TestRunner.run(TestRunner.java:632)
	at org.testng.SuiteRunner.runTest(SuiteRunner.java:366)
	at org.testng.SuiteRunner.runSequentially(SuiteRunner.java:361)
	at org.testng.SuiteRunner.privateRun(SuiteRunner.java:319)
	at org.testng.SuiteRunner.run(SuiteRunner.java:268)
	at org.testng.SuiteRunnerWorker.runSuite(SuiteRunnerWorker.java:52)
	at org.testng.SuiteRunnerWorker.run(SuiteRunnerWorker.java:86)
	at org.testng.TestNG.runSuitesSequentially(TestNG.java:1244)
	at org.testng.TestNG.runSuitesLocally(TestNG.java:1169)
	at org.testng.TestNG.run(TestNG.java:1064)
	at org.testng.TestNG.privateMain(TestNG.java:1385)
	at org.testng.TestNG.main(TestNG.java:1354)


    </pre>

          </div>

        </td>

        <td class="no-run">didn't run</td>

        <td class="no-run">didn't run</td>

        <td class="failed">failed

          <div class="add-info">

              <div class="message"></div>

              <pre class="trace">Kaitai\Struct\Tests\SwitchManualIntElseTest::testSwitchManualIntElse
ParseError: syntax error, unexpected end of file

/home/travis/build/kaitai-io/kaitai_struct/tests/compiled/php/SwitchManualIntElse.php:32
/home/travis/build/kaitai-io/kaitai_struct/tests/spec/php/SwitchManualIntElseTest.php:6
</pre>

          </div>

        </td>

        <td class="failed">failed

          <div class="add-info">

              <div class="message">[Errno 2] No such file or directory: 'src/switch_opcodes2.bin'</div>

              <pre class="trace">

Traceback (most recent call last):
  File "/home/travis/build/kaitai-io/kaitai_struct/tests/spec/python/test_switch_manual_int_else.py", line 7, in test_switch_manual_int_else
    r = SwitchManualIntElse.from_file("src/switch_opcodes2.bin")
  File "/home/travis/build/kaitai-io/kaitai_struct/runtime/python/kaitaistruct/kaitaistruct.py", line 11, in from_file
    return cls(KaitaiStream(open(filename, 'rb')))
IOError: [Errno 2] No such file or directory: 'src/switch_opcodes2.bin'

		</pre>

          </div>

        </td>

        <td class="failed">failed

          <div class="add-info">

              <div class="filename">./spec/ruby/switch_manual_int_else_spec.rb:4</div>

              <div class="message">No such file or directory @ rb_sysopen - src/switch_opcodes2.bin</div>

              <pre class="trace">/home/travis/build/kaitai-io/kaitai_struct/runtime/ruby/lib/kaitai/struct/struct.rb:109:in `initialize'
/home/travis/build/kaitai-io/kaitai_struct/runtime/ruby/lib/kaitai/struct/struct.rb:109:in `open'
/home/travis/build/kaitai-io/kaitai_struct/runtime/ruby/lib/kaitai/struct/struct.rb:109:in `open'
/home/travis/build/kaitai-io/kaitai_struct/runtime/ruby/lib/kaitai/struct/struct.rb:26:in `from_file'
/home/travis/build/kaitai-io/kaitai_struct/tests/spec/ruby/switch_manual_int_else_spec.rb:5:in `block (2 levels) in <top (required)>'
/home/travis/.rvm/gems/ruby-2.3.1/gems/rspec-core-3.5.3/lib/rspec/core/example.rb:254:in `instance_exec'
/home/travis/.rvm/gems/ruby-2.3.1/gems/rspec-core-3.5.3/lib/rspec/core/example.rb:254:in `block in run'
/home/travis/.rvm/gems/ruby-2.3.1/gems/rspec-core-3.5.3/lib/rspec/core/example.rb:496:in `block in with_around_and_singleton_context_hooks'
/home/travis/.rvm/gems/ruby-2.3.1/gems/rspec-core-3.5.3/lib/rspec/core/example.rb:453:in `block in with_around_example_hooks'
/home/travis/.rvm/gems/ruby-2.3.1/gems/rspec-core-3.5.3/lib/rspec/core/hooks.rb:464:in `block in run'
/home/travis/.rvm/gems/ruby-2.3.1/gems/rspec-core-3.5.3/lib/rspec/core/hooks.rb:602:in `run_around_example_hooks_for'
/home/travis/.rvm/gems/ruby-2.3.1/gems/rspec-core-3.5.3/lib/rspec/core/hooks.rb:464:in `run'
/home/travis/.rvm/gems/ruby-2.3.1/gems/rspec-core-3.5.3/lib/rspec/core/example.rb:453:in `with_around_example_hooks'
/home/travis/.rvm/gems/ruby-2.3.1/gems/rspec-core-3.5.3/lib/rspec/core/example.rb:496:in `with_around_and_singleton_context_hooks'
/home/travis/.rvm/gems/ruby-2.3.1/gems/rspec-core-3.5.3/lib/rspec/core/example.rb:251:in `run'
/home/travis/.rvm/gems/ruby-2.3.1/gems/rspec-core-3.5.3/lib/rspec/core/example_group.rb:627:in `block in run_examples'
/home/travis/.rvm/gems/ruby-2.3.1/gems/rspec-core-3.5.3/lib/rspec/core/example_group.rb:623:in `map'
/home/travis/.rvm/gems/ruby-2.3.1/gems/rspec-core-3.5.3/lib/rspec/core/example_group.rb:623:in `run_examples'
/home/travis/.rvm/gems/ruby-2.3.1/gems/rspec-core-3.5.3/lib/rspec/core/example_group.rb:589:in `run'
/home/travis/.rvm/gems/ruby-2.3.1/gems/rspec-core-3.5.3/lib/rspec/core/runner.rb:113:in `block (3 levels) in run_specs'
/home/travis/.rvm/gems/ruby-2.3.1/gems/rspec-core-3.5.3/lib/rspec/core/runner.rb:113:in `map'
/home/travis/.rvm/gems/ruby-2.3.1/gems/rspec-core-3.5.3/lib/rspec/core/runner.rb:113:in `block (2 levels) in run_specs'
/home/travis/.rvm/gems/ruby-2.3.1/gems/rspec-core-3.5.3/lib/rspec/core/configuration.rb:1835:in `with_suite_hooks'
/home/travis/.rvm/gems/ruby-2.3.1/gems/rspec-core-3.5.3/lib/rspec/core/runner.rb:112:in `block in run_specs'
/home/travis/.rvm/gems/ruby-2.3.1/gems/rspec-core-3.5.3/lib/rspec/core/reporter.rb:77:in `report'
/home/travis/.rvm/gems/ruby-2.3.1/gems/rspec-core-3.5.3/lib/rspec/core/runner.rb:111:in `run_specs'
/home/travis/.rvm/gems/ruby-2.3.1/gems/rspec-core-3.5.3/lib/rspec/core/runner.rb:87:in `run'
/home/travis/.rvm/gems/ruby-2.3.1/gems/rspec-core-3.5.3/lib/rspec/core/runner.rb:71:in `run'
/home/travis/.rvm/gems/ruby-2.3.1/gems/rspec-core-3.5.3/lib/rspec/core/runner.rb:45:in `invoke'
/home/travis/.rvm/gems/ruby-2.3.1/gems/rspec-core-3.5.3/exe/rspec:4:in `<top (required)>'
/home/travis/.rvm/gems/ruby-2.3.1/bin/rspec:23:in `load'
/home/travis/.rvm/gems/ruby-2.3.1/bin/rspec:23:in `<main>'
/home/travis/.rvm/gems/ruby-2.3.1/bin/ruby_executable_hooks:15:in `eval'
/home/travis/.rvm/gems/ruby-2.3.1/bin/ruby_executable_hooks:15:in `<main>'</pre>

          </div>

        </td>

    </tr>

    <tr>
        <td>SwitchManualStr</td>

        <td></td>

        <td class="passed">passed

        </td>

        <td class="passed">passed

        </td>

        <td class="passed">passed

        </td>

        <td class="passed">passed

        </td>

        <td class="no-run">didn't run</td>

        <td class="no-run">didn't run</td>

        <td class="passed">passed

        </td>

        <td class="passed">passed

        </td>

    </tr>

    <tr>
        <td>TermStrz</td>

        <td></td>

        <td class="passed">passed

        </td>

        <td class="passed">passed

        </td>

        <td class="passed">passed

        </td>

        <td class="passed">passed

        </td>

        <td class="passed">passed

        </td>

        <td class="passed">passed

        </td>

        <td class="passed">passed

        </td>

        <td class="passed">passed

        </td>

    </tr>

    <tr>
        <td>TypeIntUnaryOp</td>

        <td></td>

        <td class="passed">passed

        </td>

        <td class="passed">passed

        </td>

        <td class="passed">passed

        </td>

        <td class="passed">passed

        </td>

        <td class="passed">passed

        </td>

        <td class="failed">failed

          <div class="add-info">

              <div class="message"></div>

              <pre class="trace">Kaitai\Struct\Tests\TypeIntUnaryOpTest::testTypeIntUnaryOp
Error: Call to a member function shortValue() on integer

/home/travis/build/kaitai-io/kaitai_struct/tests/spec/php/TypeIntUnaryOpTest.php:10
</pre>

          </div>

        </td>

        <td class="passed">passed

        </td>

        <td class="passed">passed

        </td>

    </tr>

    <tr>
        <td>ZlibWithHeader78</td>

        <td></td>

        <td class="no-run">didn't run</td>

        <td class="passed">passed

        </td>

        <td class="passed">passed

        </td>

        <td class="passed">passed

        </td>

        <td class="failed">failed

          <div class="add-info">

              <div class="message">not ok 1 - test_zlib_with_header_78 died (Undefined subroutine &Kaitai::Stream::process_zlib called at compiled/perl/ZlibWithHeader78.pm line 31.)</div>

              <pre class="trace"></pre>

          </div>

        </td>

        <td class="failed">failed

          <div class="add-info">

              <div class="message"></div>

              <pre class="trace">Kaitai\Struct\Tests\ZlibWithHeader78Test::testZlibWithHeader78
ParseError: syntax error, unexpected -&gt; (T_OBJECT_OPERATOR)

/home/travis/build/kaitai-io/kaitai_struct/tests/compiled/php/ZlibWithHeader78.php:14
/home/travis/build/kaitai-io/kaitai_struct/tests/spec/php/ZlibWithHeader78Test.php:6
</pre>

          </div>

        </td>

        <td class="passed">passed

        </td>

        <td class="passed">passed

        </td>

    </tr>

    </table>
    </div>

<script>
$('.failed').on('click', function(ev) {
     $(ev.target).find('.add-info').toggle();
});
</script>

</body>
</html>
